
     --------------------------------------------------------------------------------------------
     I/O Summary : input_west
     --------------------------------------------------------------------------------------------
     qe_prefix : water_pbe0
     west_prefix : water_pbe0
     outdir : /home/paolo/water_2/water_pbe0
     --------------------------------------------------------------------------------------------

     --------------------------------------------------------------------------------------------
     I/O Summary : wstat_control
     --------------------------------------------------------------------------------------------
     wstat_calculation : S
     n_pdep_eigen : 50
     n_pdep_times : 4
     n_pdep_maxiter : 100
     n_dfpt_maxiter : 250
     n_pdep_read_from_file : 0
     n_steps_write_restart : 1
     trev_pdep : 0.001
     trev_pdep_rel : 0.1
     tr2_dfpt : 1e-16
     l_kinetic_only : False
     l_minimize_exx_if_active : False
     n_exx_lowrank : 10
     l_use_ecutrho : False
     qlist : [1]
     --------------------------------------------------------------------------------------------

     --------------------------------------------------------------------------------------------
     I/O Summary : westpp_control
     --------------------------------------------------------------------------------------------
     westpp_calculation : S
     westpp_range : [1, 4]
     westpp_format : C
     westpp_sign : False
     westpp_n_pdep_eigen_to_use : 50
     westpp_r0 : [0.0, 0.0, 0.0]
     westpp_nr : 100
     westpp_rmax : 1.0
     westpp_epsinfty : 1.0
     westpp_box : [0.0, 0.0, 0.0, 0.0, 0.0, 0.0]
     westpp_n_liouville_to_use : 1
     westpp_l_spin_flip : False
     westpp_l_compute_tdm : False
     westpp_wannier_tr_rel : 1e-06
     westpp_l_dipole_realspace : False
     --------------------------------------------------------------------------------------------

     Program WESTPP v. 6.1.0 git rev. v6.1.0 starts on  6Dec2024 at 12:42:34 

     This program is part of the open-source West suite
     for massively parallel calculations of excited states in materials; please cite
         "M. Govoni et al., J. Chem. Theory Comput. 11, 2680 (2015);
          URL https://west-code.org",
     in publications or presentations arising from this work.

     Based on the Quantum ESPRESSO v. 7.4

     I/O is Little Endian

     --------------------------------------------------------------------------------------------
     **MPI** Parallelization Status
     --------------------------------------------------------------------------------------------
                     1                   1             1             1             1
     --------------------------------------------------------------------------------------------
                     N         =         I      X      P      X      B      X      Z
                     ^                   ^             ^             ^             ^
                     |                   |             |             |             |
                   #rnk                  |             |             |             |
                                      #image           |             |             |
                                                     #pool           |             |
                                                                   #bgrp           |
                                                                                 #R&G
     --------------------------------------------------------------------------------------------
     #prc =            1
     --------------------------------------------------------------------------------------------

     Reading xml data from directory:

     /home/paolo/water_2/water_pbe0/water_pbe0.save/
     EXX fraction changed:   0.25
     EXX Screening parameter changed:    0.0000000

     IMPORTANT: XC functional enforced from input :
     Exchange-correlation= PBE0
                           (   6   4   8   4   0   0   0)
     EXX-fraction              =        0.25
     Any further DFT definition will be discarded
     Please, verify this is what you really want


     G-vector sticks info
     --------------------
     sticks:   dense  smooth     PW     G-vecs:    dense   smooth      PW
     Sum       11449   11449   2869               922329   922329  115313

     Using Slab Decomposition

       ** WARNING : EXX use_ace          = T
       ** WARNING : EXX alpha            =       0.250000
       ** WARNING : EXX erfc_scrlen      =       0.000000
       ** WARNING : EXX gau_scrlen       =       0.000000
       ** WARNING : EXX ecutfock         =     160.000000
       ** WARNING : EXX exxdiv_treatment = gb
     EXX: q-point mesh:     1    1    1
     EXX: grid of k+q points same as grid of k-points
       ** WARNING : EXX-exxdiv           =   -4377.544683

     --------------------------------------------------------------------------------------------
     System Overview
     --------------------------------------------------------------------------------------------
     gamma_only           =              T
     ecutwfc [Ry]         =      40.000000
     ecutrho [Ry]         =     160.000000
     omega [au^3]         =   2.700000E+04
     nbnd                 =             10
     nkstot               =              1
     nspin                =              1
     nelec                =       8.000000
     npol                 =              1
     lsda                 =              F
     noncolin             =              F
     lspinorb             =              F
     --------------------------------------------------------------------------------------------

     3DFFT grid
        s : ( 125, 125, 125)
        p : ( 125, 125, 125)

     Direct Lattice Cell [a.u.]
        a1 = (    30.0000000     0.0000000     0.0000000)
        a2 = (     0.0000000    30.0000000     0.0000000)
        a3 = (     0.0000000     0.0000000    30.0000000)

     Reciprocal Lattice Cell [a.u.]
        b1 = (     0.2094395     0.0000000     0.0000000)
        b2 = (     0.0000000     0.2094395     0.0000000)
        b3 = (     0.0000000     0.0000000     0.2094395)


     Brillouin Zone sampling [cryst. coord.]

        k(000001) = (     0.0000000     0.0000000     0.0000000)

     --------------------------------------------------------------------------------------------
     Parallelization for npdep
     --------------------------------------------------------------------------------------------
     nglob                =             50
     nlevel               =              1
     Min nglob/nlevel     =             50
     Max nglob/nlevel     =             50
     --------------------------------------------------------------------------------------------

     --------------------------------------------------------------------------------------------
     SAVE read in 00.3s
     In location : /home/paolo/water_2/water_pbe0/water_pbe0.wstat.save
     Eigen. found :           50
     --------------------------------------------------------------------------------------------

     --------------------------------------------------------------------------------------------
     (S)creened eXact eXchange
     --------------------------------------------------------------------------------------------
     in progress... |#####               | 025% :               18.8s (E)           01m-15.5s (X)
     in progress... |##########          | 050% :               26.1s (E)               52.3s (X)
     in progress... |###############     | 075% :               33.5s (E)               44.7s (X)
     in progress... |####################| 100% :               39.6s (E)               39.6s (X)
     --------------------------------------------------------------------------------------------

     --------------------------------------------------------------------------------------------
     K       B            Eks [eV]        Sx [eV]       Sxx [eV]         Sxx/Sx
     --------------------------------------------------------------------------------------------
     000001  000001     -28.173814     -31.682773     -21.845455       0.689506
     000001  000002     -13.813036     -23.231959     -17.935098       0.772001
     000001  000003     -11.357732     -24.060601     -17.849578       0.741859
     000001  000004      -8.845017     -24.884046     -18.116351       0.728031
     --------------------------------------------------------------------------------------------
     WESTPP       :   1m15.59s CPU   1m17.29s WALL

     west_readin  :     33.73s CPU     35.02s WALL (       1 calls)
     fetch_input  :      0.23s CPU      0.24s WALL (       2 calls)
     fft          :     23.73s CPU     23.95s WALL (       9 calls)
     init_vloc    :      0.36s CPU      0.36s WALL (       2 calls)
     init_us_1    :      0.02s CPU      0.01s WALL (       2 calls)
     v_of_rho     :     13.19s CPU     13.90s WALL (       1 calls)
     v_xc         :     11.70s CPU     12.32s WALL (       1 calls)
     v_h          :      1.48s CPU      1.58s WALL (       1 calls)
     do_setup     :      1.94s CPU      2.04s WALL (       1 calls)
     init_pw_ar   :      1.84s CPU      1.95s WALL (       1 calls)
     hinit0       :      1.17s CPU      1.24s WALL (       1 calls)
     exx_grid     :      0.02s CPU      0.01s WALL (       1 calls)
     exx_div      :      0.48s CPU      0.49s WALL (       1 calls)
     pdep_db      :      0.28s CPU      0.34s WALL (       1 calls)
     pdep_read    :      0.22s CPU      0.21s WALL (      50 calls)
     westpp       :     39.48s CPU     39.70s WALL (       1 calls)
     fftw         :     33.64s CPU     33.69s WALL (      36 calls)
     sqvc_init    :      2.44s CPU      2.46s WALL (       4 calls)

     WESTPP       :   1m15.62s CPU   1m17.33s WALL


   This run was terminated on:  12:43:51   6Dec2024            

=------------------------------------------------------------------------------=
   JOB DONE.
=------------------------------------------------------------------------------=
