
     --------------------------------------------------------------------------------------------
     I/O Summary : input_west
     --------------------------------------------------------------------------------------------
     qe_prefix : water_pbe
     west_prefix : water_pbe
     outdir : /home/paolo/water_2/water_pbe
     --------------------------------------------------------------------------------------------

     --------------------------------------------------------------------------------------------
     I/O Summary : wstat_control
     --------------------------------------------------------------------------------------------
     wstat_calculation : S
     n_pdep_eigen : 50
     n_pdep_times : 4
     n_pdep_maxiter : 100
     n_dfpt_maxiter : 250
     n_pdep_read_from_file : 0
     n_steps_write_restart : 1
     trev_pdep : 0.001
     trev_pdep_rel : 0.1
     tr2_dfpt : 1e-16
     l_kinetic_only : False
     l_minimize_exx_if_active : False
     n_exx_lowrank : 10
     l_use_ecutrho : False
     qlist : [1]
     --------------------------------------------------------------------------------------------

     --------------------------------------------------------------------------------------------
     I/O Summary : wfreq_control
     --------------------------------------------------------------------------------------------
     wfreq_calculation : XWGQ
     n_pdep_eigen_to_use : 50
     qp_bandrange : [1, 5]
     qp_bands : [[1, 2, 3, 4, 5]]
     macropol_calculation : C
     n_lanczos : 30
     n_imfreq : 128
     n_refreq : 300
     ecut_imfreq : 160.0
     ecut_refreq : 10.0
     wfreq_eta : 0.0036749308824745378
     n_secant_maxiter : 21
     trev_secant : 0.0036749308824745378
     l_enable_lanczos : True
     l_qdet_verbose : False
     l_enable_off_diagonal : False
     ecut_spectralf : [-2.0, 1.0]
     n_spectralf : 204
     --------------------------------------------------------------------------------------------

     Program WFREQ v. 6.1.0 git rev. v6.1.0 starts on  6Dec2024 at 11:57: 8 

     This program is part of the open-source West suite
     for massively parallel calculations of excited states in materials; please cite
         "M. Govoni et al., J. Chem. Theory Comput. 11, 2680 (2015);
          URL https://west-code.org",
     in publications or presentations arising from this work.

     Based on the Quantum ESPRESSO v. 7.4

     I/O is Little Endian

     --------------------------------------------------------------------------------------------
     **MPI** Parallelization Status
     --------------------------------------------------------------------------------------------
                     1                   1             1             1             1
     --------------------------------------------------------------------------------------------
                     N         =         I      X      P      X      B      X      Z
                     ^                   ^             ^             ^             ^
                     |                   |             |             |             |
                   #rnk                  |             |             |             |
                                      #image           |             |             |
                                                     #pool           |             |
                                                                   #bgrp           |
                                                                                 #R&G
     --------------------------------------------------------------------------------------------
     #prc =            1
     --------------------------------------------------------------------------------------------

     Reading xml data from directory:

     /home/paolo/water_2/water_pbe/water_pbe.save/

     IMPORTANT: XC functional enforced from input :
     Exchange-correlation= PBE
                           (   1   4   3   4   0   0   0)
     Any further DFT definition will be discarded
     Please, verify this is what you really want


     G-vector sticks info
     --------------------
     sticks:   dense  smooth     PW     G-vecs:    dense   smooth      PW
     Sum       11449   11449   2869               922329   922329  115313

     Using Slab Decomposition


     --------------------------------------------------------------------------------------------
     System Overview
     --------------------------------------------------------------------------------------------
     gamma_only           =              T
     ecutwfc [Ry]         =      40.000000
     ecutrho [Ry]         =     160.000000
     omega [au^3]         =   2.700000E+04
     nbnd                 =             10
     nkstot               =              1
     nspin                =              1
     nelec                =       8.000000
     npol                 =              1
     lsda                 =              F
     noncolin             =              F
     lspinorb             =              F
     --------------------------------------------------------------------------------------------

     3DFFT grid
        s : ( 125, 125, 125)
        p : ( 125, 125, 125)

     Direct Lattice Cell [a.u.]
        a1 = (    30.0000000     0.0000000     0.0000000)
        a2 = (     0.0000000    30.0000000     0.0000000)
        a3 = (     0.0000000     0.0000000    30.0000000)

     Reciprocal Lattice Cell [a.u.]
        b1 = (     0.2094395     0.0000000     0.0000000)
        b2 = (     0.0000000     0.2094395     0.0000000)
        b3 = (     0.0000000     0.0000000     0.2094395)


     Brillouin Zone sampling [cryst. coord.]

        k(000001) = (     0.0000000     0.0000000     0.0000000)

     --------------------------------------------------------------------------------------------
     Parallelization for npdep
     --------------------------------------------------------------------------------------------
     nglob                =             50
     nlevel               =              1
     Min nglob/nlevel     =             50
     Max nglob/nlevel     =             50
     --------------------------------------------------------------------------------------------

     --------------------------------------------------------------------------------------------
     Parallelization for npdep+macro
     --------------------------------------------------------------------------------------------
     nglob                =             53
     nlevel               =              1
     Min nglob/nlevel     =             53
     Max nglob/nlevel     =             53
     --------------------------------------------------------------------------------------------

     --------------------------------------------------------------------------------------------
     Parallelization for n_imfreq
     --------------------------------------------------------------------------------------------
     nglob                =            128
     nlevel               =              1
     Min nglob/nlevel     =            128
     Max nglob/nlevel     =            128
     --------------------------------------------------------------------------------------------

     --------------------------------------------------------------------------------------------
     Parallelization for n_refreq
     --------------------------------------------------------------------------------------------
     nglob                =            300
     nlevel               =              1
     Min nglob/nlevel     =            300
     Max nglob/nlevel     =            300
     --------------------------------------------------------------------------------------------

     --------------------------------------------------------------------------------------------
     Parallelization for nbnd
     --------------------------------------------------------------------------------------------
     nglob                =             10
     nlevel               =              1
     Min nglob/nlevel     =             10
     Max nglob/nlevel     =             10
     --------------------------------------------------------------------------------------------

     [MEM] ----------------------------------------------------------
     [MEM] **Memory** analysis: QE
     [MEM] ----------------------------------------------------------
     [MEM] Allocated arrays           est. size (Mb)     dimensions
     [MEM] ----------------------------------------------------------
     [MEM] Kohn-Sham Wavefunctions       8.80 Mb     (  57657,   10)
     [MEM] NL pseudopotentials          10.56 Mb     (  57657,   12)
     [MEM] Each V/rho on FFT grid       29.80 Mb     (1953125)
     [MEM] Each G-vector array           3.52 Mb     ( 461165)
     [MEM] G-vector shells               0.02 Mb     (   3042)
     [MEM] ----------------------------------------------------------
     [MEM] Total estimate               52.70 Mb
     [MEM] ----------------------------------------------------------
     [MEM]
     [MEM] ----------------------------------------------------------
     [MEM] **Memory** analysis: WFREQ temporary
     [MEM] ----------------------------------------------------------
     [MEM] Allocated arrays           est. size (Mb)     dimensions
     [MEM] ----------------------------------------------------------
     [MEM] dvpsi                        43.99 Mb     (  57657,   50)
     [MEM] pertg_all                    43.99 Mb     (  57657,   50)
     [MEM] Hr commutator workspace      21.11 Mb     (  57657,   24)
     [MEM] Lanczos workspace          1319.66 Mb     (  57657, 1500)
     [MEM] ----------------------------------------------------------
     [MEM] Total estimate             1428.76 Mb
     [MEM] ----------------------------------------------------------


     --------------------------------------------------------------------------------------------
     Hartree-Fock Exact E(X)change
     --------------------------------------------------------------------------------------------

     --------------------------------------------------------------------------------------------
     Vxc
     --------------------------------------------------------------------------------------------
     in progress... |####################| 100% :               00.4s (E)               00.4s (X)
     --------------------------------------------------------------------------------------------

     --------------------------------------------------------------------------------------------
     (X)-Sigma
     --------------------------------------------------------------------------------------------
     in progress... |####                | 020% :               00.2s (E)               01.2s (X)
     in progress... |########            | 040% :               00.5s (E)               01.2s (X)
     in progress... |############        | 060% :               00.7s (E)               01.2s (X)
     in progress... |################    | 080% :               01.0s (E)               01.2s (X)
     in progress... |####################| 100% :               01.2s (E)               01.2s (X)
     --------------------------------------------------------------------------------------------

     --------------------------------------------------------------------------------------------
     (W)-Lanczos
     --------------------------------------------------------------------------------------------
     in progress... |#####               | 025% :           01m-12.7s (E)           04m-50.8s (X)
     in progress... |##########          | 050% :           02m-14.2s (E)           04m-28.5s (X)
     in progress... |###############     | 075% :           03m-17.6s (E)           04m-23.4s (X)
     in progress... |####################| 100% :           04m-19.0s (E)           04m-19.0s (X)
     --------------------------------------------------------------------------------------------

     --------------------------------------------------------------------------------------------
     (G)-Lanczos
     --------------------------------------------------------------------------------------------
     in progress... |####                | 020% :               58.7s (E)           04m-53.7s (X)
     in progress... |########            | 040% :           01m-57.9s (E)           04m-54.7s (X)
     in progress... |############        | 060% :           02m-55.3s (E)           04m-52.2s (X)
     in progress... |################    | 080% :           03m-52.7s (E)           04m-50.9s (X)
     in progress... |####################| 100% :           04m-49.6s (E)           04m-49.6s (X)
     --------------------------------------------------------------------------------------------

     --------------------------------------------------------------------------------------------
     Collecting results from W and G
     --------------------------------------------------------------------------------------------
     in progress... |####                | 020% :             < 00.1s (E)             < 00.1s (X)
     in progress... |########            | 040% :             < 00.1s (E)             < 00.1s (X)
     in progress... |############        | 060% :             < 00.1s (E)             < 00.1s (X)
     in progress... |################    | 080% :             < 00.1s (E)             < 00.1s (X)
     in progress... |####################| 100% :             < 00.1s (E)             < 00.1s (X)
     --------------------------------------------------------------------------------------------

     --------------------------------------------------------------------------------------------
     (Q)uasiparticle energies
     --------------------------------------------------------------------------------------------

     --------------------------------------------------------------------------------------------
     Sigma-C
     --------------------------------------------------------------------------------------------
     Integrating along the IM axis...
     --------------------------------------------------------------------------------------------
     in progress... |####                | 020% :             < 00.1s (E)             < 00.1s (X)
     in progress... |########            | 040% :             < 00.1s (E)             < 00.1s (X)
     in progress... |############        | 060% :             < 00.1s (E)             < 00.1s (X)
     in progress... |################    | 080% :             < 00.1s (E)             < 00.1s (X)
     in progress... |####################| 100% :             < 00.1s (E)             < 00.1s (X)
     --------------------------------------------------------------------------------------------
     Residues along the RE axis...
     --------------------------------------------------------------------------------------------
     in progress... |####                | 020% :             < 00.1s (E)             < 00.1s (X)
     in progress... |########            | 040% :             < 00.1s (E)             < 00.1s (X)
     in progress... |############        | 060% :             < 00.1s (E)             < 00.1s (X)
     in progress... |################    | 080% :             < 00.1s (E)             < 00.1s (X)
     in progress... |####################| 100% :             < 00.1s (E)             < 00.1s (X)
     --------------------------------------------------------------------------------------------

     --------------------------------------------------------------------------------------------
     Sigma-C
     --------------------------------------------------------------------------------------------
     Integrating along the IM axis...
     --------------------------------------------------------------------------------------------
     in progress... |####                | 020% :             < 00.1s (E)             < 00.1s (X)
     in progress... |########            | 040% :             < 00.1s (E)             < 00.1s (X)
     in progress... |############        | 060% :             < 00.1s (E)             < 00.1s (X)
     in progress... |################    | 080% :             < 00.1s (E)             < 00.1s (X)
     in progress... |####################| 100% :             < 00.1s (E)             < 00.1s (X)
     --------------------------------------------------------------------------------------------
     Residues along the RE axis...
     --------------------------------------------------------------------------------------------
     in progress... |####                | 020% :             < 00.1s (E)             < 00.1s (X)
     in progress... |########            | 040% :             < 00.1s (E)             < 00.1s (X)
     in progress... |############        | 060% :             < 00.1s (E)             < 00.1s (X)
     in progress... |################    | 080% :             < 00.1s (E)             < 00.1s (X)
     in progress... |####################| 100% :             < 00.1s (E)             < 00.1s (X)
     --------------------------------------------------------------------------------------------

     --------------------------------------------------------------------------------------------
     Iter: 000000
     k(000001) = (   0.0000000   0.0000000   0.0000000) cryst. coord.
     band      QP en. [eV] conv
     000001     -24.839963   no
     000002     -17.076248   no
     000003     -14.284605   no
     000004     -11.551913   no
     000005       1.019796   no
     --------------------------------------------------------------------------------------------

     --------------------------------------------------------------------------------------------
     Sigma-C
     --------------------------------------------------------------------------------------------
     Integrating along the IM axis...
     --------------------------------------------------------------------------------------------
     in progress... |####                | 020% :             < 00.1s (E)             < 00.1s (X)
     in progress... |########            | 040% :             < 00.1s (E)             < 00.1s (X)
     in progress... |############        | 060% :             < 00.1s (E)             < 00.1s (X)
     in progress... |################    | 080% :             < 00.1s (E)             < 00.1s (X)
     in progress... |####################| 100% :             < 00.1s (E)             < 00.1s (X)
     --------------------------------------------------------------------------------------------
     Residues along the RE axis...
     --------------------------------------------------------------------------------------------
     in progress... |####                | 020% :             < 00.1s (E)             < 00.1s (X)
     in progress... |########            | 040% :             < 00.1s (E)             < 00.1s (X)
     in progress... |############        | 060% :             < 00.1s (E)             < 00.1s (X)
     in progress... |################    | 080% :             < 00.1s (E)             < 00.1s (X)
     in progress... |####################| 100% :             < 00.1s (E)             < 00.1s (X)
     --------------------------------------------------------------------------------------------

     --------------------------------------------------------------------------------------------
     Iter: 000001
     k(000001) = (   0.0000000   0.0000000   0.0000000) cryst. coord.
     band      QP en. [eV] conv
     000001     -24.423888   no
     000002     -16.921288   no
     000003     -14.100304   no
     000004     -11.350430   no
     000005       1.128605   no
     --------------------------------------------------------------------------------------------

     --------------------------------------------------------------------------------------------
     Sigma-C
     --------------------------------------------------------------------------------------------
     Integrating along the IM axis...
     --------------------------------------------------------------------------------------------
     in progress... |####                | 020% :             < 00.1s (E)             < 00.1s (X)
     in progress... |########            | 040% :             < 00.1s (E)             < 00.1s (X)
     in progress... |############        | 060% :             < 00.1s (E)             < 00.1s (X)
     in progress... |################    | 080% :             < 00.1s (E)             < 00.1s (X)
     in progress... |####################| 100% :             < 00.1s (E)             < 00.1s (X)
     --------------------------------------------------------------------------------------------
     Residues along the RE axis...
     --------------------------------------------------------------------------------------------
     in progress... |####                | 020% :             < 00.1s (E)             < 00.1s (X)
     in progress... |########            | 040% :             < 00.1s (E)             < 00.1s (X)
     in progress... |############        | 060% :             < 00.1s (E)             < 00.1s (X)
     in progress... |################    | 080% :             < 00.1s (E)             < 00.1s (X)
     in progress... |####################| 100% :             < 00.1s (E)             < 00.1s (X)
     --------------------------------------------------------------------------------------------

     --------------------------------------------------------------------------------------------
     Iter: 000002
     k(000001) = (   0.0000000   0.0000000   0.0000000) cryst. coord.
     band      QP en. [eV] conv
     000001     -26.000679   no
     000002     -16.910485  yes
     000003     -14.093985  yes
     000004     -11.389068  yes
     000005       1.134220  yes
     --------------------------------------------------------------------------------------------

     --------------------------------------------------------------------------------------------
     Sigma-C
     --------------------------------------------------------------------------------------------
     Integrating along the IM axis...
     --------------------------------------------------------------------------------------------
     in progress... |####                | 020% :             < 00.1s (E)             < 00.1s (X)
     in progress... |########            | 040% :             < 00.1s (E)             < 00.1s (X)
     in progress... |############        | 060% :             < 00.1s (E)             < 00.1s (X)
     in progress... |################    | 080% :             < 00.1s (E)             < 00.1s (X)
     in progress... |####################| 100% :             < 00.1s (E)             < 00.1s (X)
     --------------------------------------------------------------------------------------------
     Residues along the RE axis...
     --------------------------------------------------------------------------------------------
     in progress... |####                | 020% :             < 00.1s (E)             < 00.1s (X)
     in progress... |########            | 040% :             < 00.1s (E)             < 00.1s (X)
     in progress... |############        | 060% :             < 00.1s (E)             < 00.1s (X)
     in progress... |################    | 080% :             < 00.1s (E)             < 00.1s (X)
     in progress... |####################| 100% :             < 00.1s (E)             < 00.1s (X)
     --------------------------------------------------------------------------------------------

     --------------------------------------------------------------------------------------------
     Iter: 000003
     k(000001) = (   0.0000000   0.0000000   0.0000000) cryst. coord.
     band      QP en. [eV] conv
     000001     -47.896643   no
     000002     -16.910485  yes
     000003     -14.093985  yes
     000004     -11.389068  yes
     000005       1.134220  yes
     --------------------------------------------------------------------------------------------

     --------------------------------------------------------------------------------------------
     Sigma-C
     --------------------------------------------------------------------------------------------
     Integrating along the IM axis...
     --------------------------------------------------------------------------------------------
     in progress... |####                | 020% :             < 00.1s (E)             < 00.1s (X)
     in progress... |########            | 040% :             < 00.1s (E)             < 00.1s (X)
     in progress... |############        | 060% :             < 00.1s (E)             < 00.1s (X)
     in progress... |################    | 080% :             < 00.1s (E)             < 00.1s (X)
     in progress... |####################| 100% :             < 00.1s (E)             < 00.1s (X)
     --------------------------------------------------------------------------------------------
     Residues along the RE axis...
     --------------------------------------------------------------------------------------------
     in progress... |####                | 020% :             < 00.1s (E)             < 00.1s (X)
     in progress... |########            | 040% :             < 00.1s (E)             < 00.1s (X)
     in progress... |############        | 060% :             < 00.1s (E)             < 00.1s (X)
     in progress... |################    | 080% :             < 00.1s (E)             < 00.1s (X)
     in progress... |####################| 100% :             < 00.1s (E)             < 00.1s (X)
     --------------------------------------------------------------------------------------------

     --------------------------------------------------------------------------------------------
     Iter: 000004
     k(000001) = (   0.0000000   0.0000000   0.0000000) cryst. coord.
     band      QP en. [eV] conv
     000001     -31.165762   no
     000002     -16.910485  yes
     000003     -14.093985  yes
     000004     -11.389068  yes
     000005       1.134220  yes
     --------------------------------------------------------------------------------------------

     --------------------------------------------------------------------------------------------
     Sigma-C
     --------------------------------------------------------------------------------------------
     Integrating along the IM axis...
     --------------------------------------------------------------------------------------------
     in progress... |####                | 020% :             < 00.1s (E)             < 00.1s (X)
     in progress... |########            | 040% :             < 00.1s (E)             < 00.1s (X)
     in progress... |############        | 060% :             < 00.1s (E)             < 00.1s (X)
     in progress... |################    | 080% :             < 00.1s (E)             < 00.1s (X)
     in progress... |####################| 100% :             < 00.1s (E)             < 00.1s (X)
     --------------------------------------------------------------------------------------------
     Residues along the RE axis...
     --------------------------------------------------------------------------------------------
     in progress... |####                | 020% :             < 00.1s (E)             < 00.1s (X)
     in progress... |########            | 040% :             < 00.1s (E)             < 00.1s (X)
     in progress... |############        | 060% :             < 00.1s (E)             < 00.1s (X)
     in progress... |################    | 080% :             < 00.1s (E)             < 00.1s (X)
     in progress... |####################| 100% :             < 00.1s (E)             < 00.1s (X)
     --------------------------------------------------------------------------------------------

     --------------------------------------------------------------------------------------------
     Iter: 000005
     k(000001) = (   0.0000000   0.0000000   0.0000000) cryst. coord.
     band      QP en. [eV] conv
     000001     -18.371297   no
     000002     -16.910485  yes
     000003     -14.093985  yes
     000004     -11.389068  yes
     000005       1.134220  yes
     --------------------------------------------------------------------------------------------

     --------------------------------------------------------------------------------------------
     Sigma-C
     --------------------------------------------------------------------------------------------
     Integrating along the IM axis...
     --------------------------------------------------------------------------------------------
     in progress... |####                | 020% :             < 00.1s (E)             < 00.1s (X)
     in progress... |########            | 040% :             < 00.1s (E)             < 00.1s (X)
     in progress... |############        | 060% :             < 00.1s (E)             < 00.1s (X)
     in progress... |################    | 080% :             < 00.1s (E)             < 00.1s (X)
     in progress... |####################| 100% :             < 00.1s (E)             < 00.1s (X)
     --------------------------------------------------------------------------------------------
     Residues along the RE axis...
     --------------------------------------------------------------------------------------------
     in progress... |####                | 020% :             < 00.1s (E)             < 00.1s (X)
     in progress... |########            | 040% :             < 00.1s (E)             < 00.1s (X)
     in progress... |############        | 060% :             < 00.1s (E)             < 00.1s (X)
     in progress... |################    | 080% :             < 00.1s (E)             < 00.1s (X)
     in progress... |####################| 100% :             < 00.1s (E)             < 00.1s (X)
     --------------------------------------------------------------------------------------------

     --------------------------------------------------------------------------------------------
     Iter: 000006
     k(000001) = (   0.0000000   0.0000000   0.0000000) cryst. coord.
     band      QP en. [eV] conv
     000001     -26.451283   no
     000002     -16.910485  yes
     000003     -14.093985  yes
     000004     -11.389068  yes
     000005       1.134220  yes
     --------------------------------------------------------------------------------------------

     --------------------------------------------------------------------------------------------
     Sigma-C
     --------------------------------------------------------------------------------------------
     Integrating along the IM axis...
     --------------------------------------------------------------------------------------------
     in progress... |####                | 020% :             < 00.1s (E)             < 00.1s (X)
     in progress... |########            | 040% :             < 00.1s (E)             < 00.1s (X)
     in progress... |############        | 060% :             < 00.1s (E)             < 00.1s (X)
     in progress... |################    | 080% :             < 00.1s (E)             < 00.1s (X)
     in progress... |####################| 100% :             < 00.1s (E)             < 00.1s (X)
     --------------------------------------------------------------------------------------------
     Residues along the RE axis...
     --------------------------------------------------------------------------------------------
     in progress... |####                | 020% :             < 00.1s (E)             < 00.1s (X)
     in progress... |########            | 040% :             < 00.1s (E)             < 00.1s (X)
     in progress... |############        | 060% :             < 00.1s (E)             < 00.1s (X)
     in progress... |################    | 080% :             < 00.1s (E)             < 00.1s (X)
     in progress... |####################| 100% :             < 00.1s (E)             < 00.1s (X)
     --------------------------------------------------------------------------------------------

     --------------------------------------------------------------------------------------------
     Iter: 000007
     k(000001) = (   0.0000000   0.0000000   0.0000000) cryst. coord.
     band      QP en. [eV] conv
     000001     -29.463161   no
     000002     -16.910485  yes
     000003     -14.093985  yes
     000004     -11.389068  yes
     000005       1.134220  yes
     --------------------------------------------------------------------------------------------

     --------------------------------------------------------------------------------------------
     Sigma-C
     --------------------------------------------------------------------------------------------
     Integrating along the IM axis...
     --------------------------------------------------------------------------------------------
     in progress... |####                | 020% :             < 00.1s (E)             < 00.1s (X)
     in progress... |########            | 040% :             < 00.1s (E)             < 00.1s (X)
     in progress... |############        | 060% :             < 00.1s (E)             < 00.1s (X)
     in progress... |################    | 080% :             < 00.1s (E)             < 00.1s (X)
     in progress... |####################| 100% :             < 00.1s (E)             < 00.1s (X)
     --------------------------------------------------------------------------------------------
     Residues along the RE axis...
     --------------------------------------------------------------------------------------------
     in progress... |####                | 020% :             < 00.1s (E)             < 00.1s (X)
     in progress... |########            | 040% :             < 00.1s (E)             < 00.1s (X)
     in progress... |############        | 060% :             < 00.1s (E)             < 00.1s (X)
     in progress... |################    | 080% :             < 00.1s (E)             < 00.1s (X)
     in progress... |####################| 100% :             < 00.1s (E)             < 00.1s (X)
     --------------------------------------------------------------------------------------------

     --------------------------------------------------------------------------------------------
     Iter: 000008
     k(000001) = (   0.0000000   0.0000000   0.0000000) cryst. coord.
     band      QP en. [eV] conv
     000001     -30.878776   no
     000002     -16.910485  yes
     000003     -14.093985  yes
     000004     -11.389068  yes
     000005       1.134220  yes
     --------------------------------------------------------------------------------------------

     --------------------------------------------------------------------------------------------
     Sigma-C
     --------------------------------------------------------------------------------------------
     Integrating along the IM axis...
     --------------------------------------------------------------------------------------------
     in progress... |####                | 020% :             < 00.1s (E)             < 00.1s (X)
     in progress... |########            | 040% :             < 00.1s (E)             < 00.1s (X)
     in progress... |############        | 060% :             < 00.1s (E)             < 00.1s (X)
     in progress... |################    | 080% :             < 00.1s (E)             < 00.1s (X)
     in progress... |####################| 100% :             < 00.1s (E)             < 00.1s (X)
     --------------------------------------------------------------------------------------------
     Residues along the RE axis...
     --------------------------------------------------------------------------------------------
     in progress... |####                | 020% :             < 00.1s (E)             < 00.1s (X)
     in progress... |########            | 040% :             < 00.1s (E)             < 00.1s (X)
     in progress... |############        | 060% :             < 00.1s (E)             < 00.1s (X)
     in progress... |################    | 080% :             < 00.1s (E)             < 00.1s (X)
     in progress... |####################| 100% :             < 00.1s (E)             < 00.1s (X)
     --------------------------------------------------------------------------------------------

     --------------------------------------------------------------------------------------------
     Iter: 000009
     k(000001) = (   0.0000000   0.0000000   0.0000000) cryst. coord.
     band      QP en. [eV] conv
     000001     -29.897298   no
     000002     -16.910485  yes
     000003     -14.093985  yes
     000004     -11.389068  yes
     000005       1.134220  yes
     --------------------------------------------------------------------------------------------

     --------------------------------------------------------------------------------------------
     Sigma-C
     --------------------------------------------------------------------------------------------
     Integrating along the IM axis...
     --------------------------------------------------------------------------------------------
     in progress... |####                | 020% :             < 00.1s (E)             < 00.1s (X)
     in progress... |########            | 040% :             < 00.1s (E)             < 00.1s (X)
     in progress... |############        | 060% :             < 00.1s (E)             < 00.1s (X)
     in progress... |################    | 080% :             < 00.1s (E)             < 00.1s (X)
     in progress... |####################| 100% :             < 00.1s (E)             < 00.1s (X)
     --------------------------------------------------------------------------------------------
     Residues along the RE axis...
     --------------------------------------------------------------------------------------------
     in progress... |####                | 020% :             < 00.1s (E)             < 00.1s (X)
     in progress... |########            | 040% :             < 00.1s (E)             < 00.1s (X)
     in progress... |############        | 060% :             < 00.1s (E)             < 00.1s (X)
     in progress... |################    | 080% :             < 00.1s (E)             < 00.1s (X)
     in progress... |####################| 100% :             < 00.1s (E)             < 00.1s (X)
     --------------------------------------------------------------------------------------------

     --------------------------------------------------------------------------------------------
     Iter: 000010
     k(000001) = (   0.0000000   0.0000000   0.0000000) cryst. coord.
     band      QP en. [eV] conv
     000001     -29.260280   no
     000002     -16.910485  yes
     000003     -14.093985  yes
     000004     -11.389068  yes
     000005       1.134220  yes
     --------------------------------------------------------------------------------------------

     --------------------------------------------------------------------------------------------
     Sigma-C
     --------------------------------------------------------------------------------------------
     Integrating along the IM axis...
     --------------------------------------------------------------------------------------------
     in progress... |####                | 020% :             < 00.1s (E)             < 00.1s (X)
     in progress... |########            | 040% :             < 00.1s (E)             < 00.1s (X)
     in progress... |############        | 060% :             < 00.1s (E)             < 00.1s (X)
     in progress... |################    | 080% :             < 00.1s (E)             < 00.1s (X)
     in progress... |####################| 100% :             < 00.1s (E)             < 00.1s (X)
     --------------------------------------------------------------------------------------------
     Residues along the RE axis...
     --------------------------------------------------------------------------------------------
     in progress... |####                | 020% :             < 00.1s (E)             < 00.1s (X)
     in progress... |########            | 040% :             < 00.1s (E)             < 00.1s (X)
     in progress... |############        | 060% :             < 00.1s (E)             < 00.1s (X)
     in progress... |################    | 080% :             < 00.1s (E)             < 00.1s (X)
     in progress... |####################| 100% :             < 00.1s (E)             < 00.1s (X)
     --------------------------------------------------------------------------------------------

     --------------------------------------------------------------------------------------------
     Iter: 000011
     k(000001) = (   0.0000000   0.0000000   0.0000000) cryst. coord.
     band      QP en. [eV] conv
     000001     -29.676627   no
     000002     -16.910485  yes
     000003     -14.093985  yes
     000004     -11.389068  yes
     000005       1.134220  yes
     --------------------------------------------------------------------------------------------

     --------------------------------------------------------------------------------------------
     Sigma-C
     --------------------------------------------------------------------------------------------
     Integrating along the IM axis...
     --------------------------------------------------------------------------------------------
     in progress... |####                | 020% :             < 00.1s (E)             < 00.1s (X)
     in progress... |########            | 040% :             < 00.1s (E)             < 00.1s (X)
     in progress... |############        | 060% :             < 00.1s (E)             < 00.1s (X)
     in progress... |################    | 080% :             < 00.1s (E)             < 00.1s (X)
     in progress... |####################| 100% :             < 00.1s (E)             < 00.1s (X)
     --------------------------------------------------------------------------------------------
     Residues along the RE axis...
     --------------------------------------------------------------------------------------------
     in progress... |####                | 020% :             < 00.1s (E)             < 00.1s (X)
     in progress... |########            | 040% :             < 00.1s (E)             < 00.1s (X)
     in progress... |############        | 060% :             < 00.1s (E)             < 00.1s (X)
     in progress... |################    | 080% :             < 00.1s (E)             < 00.1s (X)
     in progress... |####################| 100% :             < 00.1s (E)             < 00.1s (X)
     --------------------------------------------------------------------------------------------

     --------------------------------------------------------------------------------------------
     Iter: 000012
     k(000001) = (   0.0000000   0.0000000   0.0000000) cryst. coord.
     band      QP en. [eV] conv
     000001     -29.771475   no
     000002     -16.910485  yes
     000003     -14.093985  yes
     000004     -11.389068  yes
     000005       1.134220  yes
     --------------------------------------------------------------------------------------------

     --------------------------------------------------------------------------------------------
     Sigma-C
     --------------------------------------------------------------------------------------------
     Integrating along the IM axis...
     --------------------------------------------------------------------------------------------
     in progress... |####                | 020% :             < 00.1s (E)             < 00.1s (X)
     in progress... |########            | 040% :             < 00.1s (E)             < 00.1s (X)
     in progress... |############        | 060% :             < 00.1s (E)             < 00.1s (X)
     in progress... |################    | 080% :             < 00.1s (E)             < 00.1s (X)
     in progress... |####################| 100% :             < 00.1s (E)             < 00.1s (X)
     --------------------------------------------------------------------------------------------
     Residues along the RE axis...
     --------------------------------------------------------------------------------------------
     in progress... |####                | 020% :             < 00.1s (E)             < 00.1s (X)
     in progress... |########            | 040% :             < 00.1s (E)             < 00.1s (X)
     in progress... |############        | 060% :             < 00.1s (E)             < 00.1s (X)
     in progress... |################    | 080% :             < 00.1s (E)             < 00.1s (X)
     in progress... |####################| 100% :             < 00.1s (E)             < 00.1s (X)
     --------------------------------------------------------------------------------------------

     --------------------------------------------------------------------------------------------
     Iter: 000013
     k(000001) = (   0.0000000   0.0000000   0.0000000) cryst. coord.
     band      QP en. [eV] conv
     000001     -30.026784   no
     000002     -16.910485  yes
     000003     -14.093985  yes
     000004     -11.389068  yes
     000005       1.134220  yes
     --------------------------------------------------------------------------------------------

     --------------------------------------------------------------------------------------------
     Sigma-C
     --------------------------------------------------------------------------------------------
     Integrating along the IM axis...
     --------------------------------------------------------------------------------------------
     in progress... |####                | 020% :             < 00.1s (E)             < 00.1s (X)
     in progress... |########            | 040% :             < 00.1s (E)             < 00.1s (X)
     in progress... |############        | 060% :             < 00.1s (E)             < 00.1s (X)
     in progress... |################    | 080% :             < 00.1s (E)             < 00.1s (X)
     in progress... |####################| 100% :             < 00.1s (E)             < 00.1s (X)
     --------------------------------------------------------------------------------------------
     Residues along the RE axis...
     --------------------------------------------------------------------------------------------
     in progress... |####                | 020% :             < 00.1s (E)             < 00.1s (X)
     in progress... |########            | 040% :             < 00.1s (E)             < 00.1s (X)
     in progress... |############        | 060% :             < 00.1s (E)             < 00.1s (X)
     in progress... |################    | 080% :             < 00.1s (E)             < 00.1s (X)
     in progress... |####################| 100% :             < 00.1s (E)             < 00.1s (X)
     --------------------------------------------------------------------------------------------

     --------------------------------------------------------------------------------------------
     Iter: 000014
     k(000001) = (   0.0000000   0.0000000   0.0000000) cryst. coord.
     band      QP en. [eV] conv
     000001     -29.818544   no
     000002     -16.910485  yes
     000003     -14.093985  yes
     000004     -11.389068  yes
     000005       1.134220  yes
     --------------------------------------------------------------------------------------------

     --------------------------------------------------------------------------------------------
     Sigma-C
     --------------------------------------------------------------------------------------------
     Integrating along the IM axis...
     --------------------------------------------------------------------------------------------
     in progress... |####                | 020% :             < 00.1s (E)             < 00.1s (X)
     in progress... |########            | 040% :             < 00.1s (E)             < 00.1s (X)
     in progress... |############        | 060% :             < 00.1s (E)             < 00.1s (X)
     in progress... |################    | 080% :             < 00.1s (E)             < 00.1s (X)
     in progress... |####################| 100% :             < 00.1s (E)             < 00.1s (X)
     --------------------------------------------------------------------------------------------
     Residues along the RE axis...
     --------------------------------------------------------------------------------------------
     in progress... |####                | 020% :             < 00.1s (E)             < 00.1s (X)
     in progress... |########            | 040% :             < 00.1s (E)             < 00.1s (X)
     in progress... |############        | 060% :             < 00.1s (E)             < 00.1s (X)
     in progress... |################    | 080% :             < 00.1s (E)             < 00.1s (X)
     in progress... |####################| 100% :             < 00.1s (E)             < 00.1s (X)
     --------------------------------------------------------------------------------------------

     --------------------------------------------------------------------------------------------
     CONVERGENCE ACHIEVED !!!
     --------------------------------------------------------------------------------------------

     --------------------------------------------------------------------------------------------
     k(000001) = (   0.0000000   0.0000000   0.0000000) cryst. coord.
     band      QP en. [eV] conv
     000001     -29.839128  yes
     000002     -16.910485  yes
     000003     -14.093985  yes
     000004     -11.389068  yes
     000005       1.134220  yes
     --------------------------------------------------------------------------------------------

     --------------------------------------------------------------------------------------------
     SAVE written in < 00.1s
     In location : /home/paolo/water_2/water_pbe/water_pbe.wfreq.save
     --------------------------------------------------------------------------------------------
     WFREQ        :   9m 8.75s CPU   9m13.31s WALL

     west_readin  :      1.28s CPU      1.75s WALL (       1 calls)
     fetch_input  :      0.02s CPU      0.01s WALL (       2 calls)
     fft          :      0.97s CPU      0.98s WALL (      14 calls)
     init_vloc    :      0.02s CPU      0.02s WALL (       2 calls)
     init_us_1    :      0.00s CPU      0.00s WALL (       2 calls)
     v_of_rho     :      0.38s CPU      0.68s WALL (       1 calls)
     v_xc         :      0.66s CPU      1.10s WALL (       2 calls)
     v_h          :      0.03s CPU      0.03s WALL (       1 calls)
     do_setup     :      0.05s CPU      0.06s WALL (       1 calls)
     init_pw_ar   :      0.05s CPU      0.06s WALL (       1 calls)
     hinit0       :      0.03s CPU      0.04s WALL (       1 calls)
     solve_hf     :      2.03s CPU      2.21s WALL (       1 calls)
     sigmavxc     :      0.42s CPU      0.47s WALL (       1 calls)
     fftw         :    308.95s CPU    308.71s WALL (   15267 calls)
     sigmax       :      1.30s CPU      1.29s WALL (       1 calls)
     sqvc_init    :      0.08s CPU      0.09s WALL (       7 calls)
     ffts         :      0.62s CPU      0.58s WALL (      20 calls)
     write_hf     :      0.00s CPU      0.00s WALL (       1 calls)
     wlanczos     :    257.22s CPU    259.15s WALL (       1 calls)
     pdep_read    :      0.00s CPU      0.04s WALL (     100 calls)
     init_us_2    :      0.03s CPU      0.02s WALL (       2 calls)
     linHx        :      9.44s CPU      9.48s WALL (       4 calls)
     commut_Hx_ps :      0.44s CPU      0.44s WALL (      12 calls)
     calbec       :     19.05s CPU     19.09s WALL (     383 calls)
     alphapc      :     26.39s CPU     26.40s WALL (     287 calls)
     linstern     :      8.97s CPU      9.02s WALL (       4 calls)
     stern        :      8.75s CPU      8.85s WALL (      89 calls)
     h_psi        :    364.95s CPU    365.67s WALL (     359 calls)
     h_psi:pot    :    363.34s CPU    364.09s WALL (     359 calls)
     vloc_psi     :    332.20s CPU    332.94s WALL (     359 calls)
     h_psi:calbec :     19.00s CPU     19.06s WALL (     359 calls)
     add_vuspsi   :     12.14s CPU     12.09s WALL (     359 calls)
     alphapv      :      0.16s CPU      0.18s WALL (      89 calls)
     lan_H        :    432.88s CPU    435.78s WALL (       9 calls)
     brak         :     79.48s CPU     79.84s WALL (       9 calls)
     write_w      :      0.00s CPU      0.01s WALL (       1 calls)
     chi_invert   :      0.16s CPU      0.14s WALL (       1 calls)
     glanczos     :    287.78s CPU    289.75s WALL (       1 calls)
     write_over   :      0.00s CPU      0.00s WALL (       5 calls)
     write_g      :      0.00s CPU      0.01s WALL (       1 calls)
     solve_qp     :      0.23s CPU      0.24s WALL (       1 calls)
     coll_gw      :      0.06s CPU      0.05s WALL (       1 calls)
     read_over    :      0.00s CPU      0.00s WALL (       5 calls)
     read_hf      :      0.00s CPU      0.00s WALL (       1 calls)
     sigmac_i     :      0.11s CPU      0.12s WALL (      17 calls)
     sigmac_r     :      0.00s CPU      0.00s WALL (      17 calls)
     wfreq_db     :      0.00s CPU      0.00s WALL (       1 calls)

     WFREQ        :   9m 8.75s CPU   9m13.31s WALL


   This run was terminated on:  12: 6:22   6Dec2024            

=------------------------------------------------------------------------------=
   JOB DONE.
=------------------------------------------------------------------------------=
