
     --------------------------------------------------------------------------------------------
     I/O Summary : input_west
     --------------------------------------------------------------------------------------------
     qe_prefix : water_pbe0
     west_prefix : water_pbe0
     outdir : /home/paolo/water_2/water_pbe0
     --------------------------------------------------------------------------------------------

     --------------------------------------------------------------------------------------------
     I/O Summary : wstat_control
     --------------------------------------------------------------------------------------------
     wstat_calculation : S
     n_pdep_eigen : 50
     n_pdep_times : 4
     n_pdep_maxiter : 100
     n_dfpt_maxiter : 250
     n_pdep_read_from_file : 0
     n_steps_write_restart : 1
     trev_pdep : 0.001
     trev_pdep_rel : 0.1
     tr2_dfpt : 1e-16
     l_kinetic_only : False
     l_minimize_exx_if_active : False
     n_exx_lowrank : 10
     l_use_ecutrho : False
     qlist : [1]
     --------------------------------------------------------------------------------------------

     --------------------------------------------------------------------------------------------
     I/O Summary : server_control
     --------------------------------------------------------------------------------------------
     document : {}
     --------------------------------------------------------------------------------------------

     Program WSTAT v. 6.1.0 git rev. v6.1.0 starts on  6Dec2024 at 12:24:56 

     This program is part of the open-source West suite
     for massively parallel calculations of excited states in materials; please cite
         "M. Govoni et al., J. Chem. Theory Comput. 11, 2680 (2015);
          URL https://west-code.org",
     in publications or presentations arising from this work.

     Based on the Quantum ESPRESSO v. 7.4

     I/O is Little Endian

     --------------------------------------------------------------------------------------------
     **MPI** Parallelization Status
     --------------------------------------------------------------------------------------------
                     1                   1             1             1             1
     --------------------------------------------------------------------------------------------
                     N         =         I      X      P      X      B      X      Z
                     ^                   ^             ^             ^             ^
                     |                   |             |             |             |
                   #rnk                  |             |             |             |
                                      #image           |             |             |
                                                     #pool           |             |
                                                                   #bgrp           |
                                                                                 #R&G
     --------------------------------------------------------------------------------------------
     #prc =            1
     --------------------------------------------------------------------------------------------

     Reading xml data from directory:

     /home/paolo/water_2/water_pbe0/water_pbe0.save/
     EXX fraction changed:   0.25
     EXX Screening parameter changed:    0.0000000

     IMPORTANT: XC functional enforced from input :
     Exchange-correlation= PBE0
                           (   6   4   8   4   0   0   0)
     EXX-fraction              =        0.25
     Any further DFT definition will be discarded
     Please, verify this is what you really want


     G-vector sticks info
     --------------------
     sticks:   dense  smooth     PW     G-vecs:    dense   smooth      PW
     Sum       11449   11449   2869               922329   922329  115313

     Using Slab Decomposition

       ** WARNING : EXX use_ace          = T
       ** WARNING : EXX alpha            =       0.250000
       ** WARNING : EXX erfc_scrlen      =       0.000000
       ** WARNING : EXX gau_scrlen       =       0.000000
       ** WARNING : EXX ecutfock         =     160.000000
       ** WARNING : EXX exxdiv_treatment = gb
     EXX: q-point mesh:     1    1    1
     EXX: grid of k+q points same as grid of k-points
     EXX: initializing ACE and reading from file
     ACE potential read for       10 bands
     Starting ACE correctly read from file
       ** WARNING : EXX-exxdiv           =   -4377.544683

     --------------------------------------------------------------------------------------------
     System Overview
     --------------------------------------------------------------------------------------------
     gamma_only           =              T
     ecutwfc [Ry]         =      40.000000
     ecutrho [Ry]         =     160.000000
     omega [au^3]         =   2.700000E+04
     nbnd                 =             10
     nkstot               =              1
     nspin                =              1
     nelec                =       8.000000
     npol                 =              1
     lsda                 =              F
     noncolin             =              F
     lspinorb             =              F
     --------------------------------------------------------------------------------------------

     3DFFT grid
        s : ( 125, 125, 125)
        p : ( 125, 125, 125)

     Direct Lattice Cell [a.u.]
        a1 = (    30.0000000     0.0000000     0.0000000)
        a2 = (     0.0000000    30.0000000     0.0000000)
        a3 = (     0.0000000     0.0000000    30.0000000)

     Reciprocal Lattice Cell [a.u.]
        b1 = (     0.2094395     0.0000000     0.0000000)
        b2 = (     0.0000000     0.2094395     0.0000000)
        b3 = (     0.0000000     0.0000000     0.2094395)


     Brillouin Zone sampling [cryst. coord.]

        k(000001) = (     0.0000000     0.0000000     0.0000000)

     --------------------------------------------------------------------------------------------
     Parallelization for nvecx
     --------------------------------------------------------------------------------------------
     nglob                =            200
     nlevel               =              1
     Min nglob/nlevel     =            200
     Max nglob/nlevel     =            200
     --------------------------------------------------------------------------------------------

     [MEM] ----------------------------------------------------------
     [MEM] **Memory** analysis: QE
     [MEM] ----------------------------------------------------------
     [MEM] Allocated arrays           est. size (Mb)     dimensions
     [MEM] ----------------------------------------------------------
     [MEM] Kohn-Sham Wavefunctions       8.80 Mb     (  57657,   10)
     [MEM] NL pseudopotentials          10.56 Mb     (  57657,   12)
     [MEM] Each V/rho on FFT grid       29.80 Mb     (1953125)
     [MEM] Each G-vector array           3.52 Mb     ( 461165)
     [MEM] G-vector shells               0.02 Mb     (   3042)
     [MEM] ----------------------------------------------------------
     [MEM] Total estimate               52.70 Mb
     [MEM] ----------------------------------------------------------
     [MEM]
     [MEM] ----------------------------------------------------------
     [MEM] **Memory** analysis: WSTAT global
     [MEM] ----------------------------------------------------------
     [MEM] Allocated arrays           est. size (Mb)     dimensions
     [MEM] ----------------------------------------------------------
     [MEM] dvg                         175.96 Mb     (  57657,  200)
     [MEM] dng                         175.96 Mb     (  57657,  200)
     [MEM] hr_distr                      0.31 Mb     (    200,  200)
     [MEM] vr_distr                      0.31 Mb     (    200,  200)
     [MEM] ----------------------------------------------------------
     [MEM] Total estimate              352.52 Mb
     [MEM] ----------------------------------------------------------
     [MEM]
     [MEM] ----------------------------------------------------------
     [MEM] **Memory** analysis: WSTAT temporary
     [MEM] ----------------------------------------------------------
     [MEM] Allocated arrays           est. size (Mb)     dimensions
     [MEM] ----------------------------------------------------------
     [MEM] dvpsi                         3.52 Mb     (  57657,    4)
     [MEM] dpsi                          3.52 Mb     (  57657,    4)
     [MEM] Sternheimer workspace        14.08 Mb     (  57657,   16)
     [MEM] ----------------------------------------------------------
     [MEM] Total estimate               21.11 Mb
     [MEM] ----------------------------------------------------------

     Divergence =   1.628000E-01

                       *----------*              *----------*               *----------*
     #     Iteration = | starting |   DFPT_dim = |       50 |   Diago_dim = |       50 |  x 1/2
                       *----------*              *----------*               *----------*

     --------------------------------------------------------------------------------------------
     Sternheimer eq. solver... with lite-solver
     --------------------------------------------------------------------------------------------
     in progress... |#                   | 005% :               01.0s (E)               21.7s (X)
     in progress... |##                  | 010% :               01.5s (E)               15.7s (X)
     in progress... |###                 | 015% :               02.2s (E)               15.2s (X)
     in progress... |####                | 020% :               02.7s (E)               13.8s (X)
     in progress... |#####               | 025% :               03.4s (E)               13.9s (X)
     in progress... |######              | 030% :               03.9s (E)               13.1s (X)
     in progress... |#######             | 035% :               04.6s (E)               13.3s (X)
     in progress... |########            | 040% :               05.1s (E)               12.8s (X)
     in progress... |#########           | 045% :               05.9s (E)               13.1s (X)
     in progress... |##########          | 050% :               06.3s (E)               12.7s (X)
     in progress... |###########         | 055% :               07.1s (E)               12.9s (X)
     in progress... |############        | 060% :               07.5s (E)               12.6s (X)
     in progress... |#############       | 065% :               08.2s (E)               12.7s (X)
     in progress... |##############      | 070% :               08.7s (E)               12.5s (X)
     in progress... |###############     | 075% :               09.5s (E)               12.6s (X)
     in progress... |################    | 080% :               09.9s (E)               12.4s (X)
     in progress... |#################   | 085% :               10.7s (E)               12.6s (X)
     in progress... |##################  | 090% :               11.1s (E)               12.4s (X)
     in progress... |################### | 095% :               11.8s (E)               12.5s (X)
     in progress... |####################| 100% :               12.3s (E)               12.3s (X)
     --------------------------------------------------------------------------------------------

     [I/O] -------------------------------------------------------
     [I/O] RESTART written in < 00.1s
     [I/O] In location   : /home/paolo/water_2/water_pbe0/water_pbe0.wstat.restart
     [I/O] -------------------------------------------------------

                       *----------*              *----------*               *----------*
     #     Iteration = | starting |   DFPT_dim = |       50 |   Diago_dim = |       50 |  x 2/2
                       *----------*              *----------*               *----------*

     --------------------------------------------------------------------------------------------
     Sternheimer eq. solver... with threshold =   1.000000E-10
     --------------------------------------------------------------------------------------------
     in progress... |#                   | 005% :               07.2s (E)           02m-24.3s (X)
     in progress... |##                  | 010% :               11.9s (E)           01m-59.1s (X)
     in progress... |###                 | 015% :               18.9s (E)           02m-06.4s (X)
     in progress... |####                | 020% :               23.6s (E)           01m-58.4s (X)
     in progress... |#####               | 025% :               30.5s (E)           02m-02.3s (X)
     in progress... |######              | 030% :               35.0s (E)           01m-56.9s (X)
     in progress... |#######             | 035% :               41.8s (E)           01m-59.7s (X)
     in progress... |########            | 040% :               46.4s (E)           01m-56.1s (X)
     in progress... |#########           | 045% :               53.1s (E)           01m-58.1s (X)
     in progress... |##########          | 050% :               57.5s (E)           01m-55.0s (X)
     in progress... |###########         | 055% :           01m-04.2s (E)           01m-56.7s (X)
     in progress... |############        | 060% :           01m-08.6s (E)           01m-54.4s (X)
     in progress... |#############       | 065% :           01m-15.2s (E)           01m-55.8s (X)
     in progress... |##############      | 070% :           01m-19.6s (E)           01m-53.8s (X)
     in progress... |###############     | 075% :           01m-26.3s (E)           01m-55.1s (X)
     in progress... |################    | 080% :           01m-30.6s (E)           01m-53.3s (X)
     in progress... |#################   | 085% :           01m-37.2s (E)           01m-54.3s (X)
     in progress... |##################  | 090% :           01m-41.6s (E)           01m-52.8s (X)
     in progress... |################### | 095% :           01m-48.0s (E)           01m-53.7s (X)
     in progress... |####################| 100% :           01m-52.2s (E)           01m-52.2s (X)
     --------------------------------------------------------------------------------------------
     s-DIAGOX done in < 00.1s with LAPACK
     --------------------------------------------------------------------------------------------

       -1.65985  -0.86306  -0.63996  -0.62332  -0.50827  -0.40168  -0.37684  -0.26544  -0.25500
       -0.24680  -0.24489  -0.23400  -0.20439  -0.20274  -0.17950  -0.15783  -0.15330  -0.14360
       -0.12956  -0.12830  -0.12097  -0.10995  -0.10491  -0.10019  -0.08682  -0.06816  -0.06545
       -0.06171  -0.05745  -0.05140  -0.05024  -0.04758  -0.04661  -0.04473  -0.04051  -0.03835
       -0.03784  -0.03646  -0.03490  -0.03303  -0.03140  -0.02926  -0.02782  -0.02529  -0.02316
       -0.02250  -0.02062  -0.01996  -0.01758  -0.01552

     --------------------------------------------------------------------------------------------
     Tot. elapsed time 02m-06.4s,  time spent in last iteration 02m-06.4s
     --------------------------------------------------------------------------------------------

     [I/O] -------------------------------------------------------
     [I/O] RESTART written in < 00.1s
     [I/O] In location   : /home/paolo/water_2/water_pbe0/water_pbe0.wstat.restart
     [I/O] -------------------------------------------------------

                       *----------*              *----------*               *----------*
     #     Iteration = |        1 |   DFPT_dim = |       50 |   Diago_dim = |      100 |
                       *----------*              *----------*               *----------*

     --------------------------------------------------------------------------------------------
     Sternheimer eq. solver... with threshold =   1.000000E-16
     --------------------------------------------------------------------------------------------
     in progress... |#                   | 005% :               08.9s (E)           02m-58.1s (X)
     in progress... |##                  | 010% :               14.7s (E)           02m-27.7s (X)
     in progress... |###                 | 015% :               23.5s (E)           02m-36.7s (X)
     in progress... |####                | 020% :               29.3s (E)           02m-26.7s (X)
     in progress... |#####               | 025% :               38.1s (E)           02m-32.6s (X)
     in progress... |######              | 030% :               43.9s (E)           02m-26.5s (X)
     in progress... |#######             | 035% :               52.6s (E)           02m-30.3s (X)
     in progress... |########            | 040% :               58.3s (E)           02m-25.9s (X)
     in progress... |#########           | 045% :           01m-06.9s (E)           02m-28.8s (X)
     in progress... |##########          | 050% :           01m-12.7s (E)           02m-25.5s (X)
     in progress... |###########         | 055% :           01m-21.5s (E)           02m-28.1s (X)
     in progress... |############        | 060% :           01m-27.2s (E)           02m-25.4s (X)
     in progress... |#############       | 065% :           01m-35.8s (E)           02m-27.3s (X)
     in progress... |##############      | 070% :           01m-41.4s (E)           02m-24.9s (X)
     in progress... |###############     | 075% :           01m-49.8s (E)           02m-26.4s (X)
     in progress... |################    | 080% :           01m-55.5s (E)           02m-24.4s (X)
     in progress... |#################   | 085% :           02m-04.1s (E)           02m-26.1s (X)
     in progress... |##################  | 090% :           02m-09.8s (E)           02m-24.3s (X)
     in progress... |################### | 095% :           02m-18.5s (E)           02m-25.7s (X)
     in progress... |####################| 100% :           02m-24.2s (E)           02m-24.2s (X)
     --------------------------------------------------------------------------------------------
     s-DIAGOX done in < 00.1s with LAPACK
     --------------------------------------------------------------------------------------------

       -2.02325  -0.87466  -0.67016  -0.63141  -0.53587  -0.44163  -0.39763  -0.29431  -0.29284
       -0.27489  -0.26871  -0.25905  -0.24811  -0.22512  -0.20309  -0.19273  -0.17282  -0.16648
       -0.16097  -0.14160  -0.13868  -0.13224  -0.13093  -0.13010  -0.12715  -0.09438  -0.08699
       -0.08137  -0.08059  -0.07928  -0.07071  -0.06987  -0.06900  -0.06006  -0.05905  -0.05702
       -0.05609  -0.05535  -0.05372  -0.05236  -0.05104  -0.04871  -0.04743  -0.04691  -0.04442
       -0.04274  -0.03732  -0.03666  -0.03614  -0.03543

     --------------------------------------------------------------------------------------------
     Tot. elapsed time 04m-33.4s,  time spent in last iteration 02m-26.9s
     --------------------------------------------------------------------------------------------

     [I/O] -------------------------------------------------------
     [I/O] RESTART written in < 00.1s
     [I/O] In location   : /home/paolo/water_2/water_pbe0/water_pbe0.wstat.restart
     [I/O] -------------------------------------------------------

                       *----------*              *----------*               *----------*
     #     Iteration = |        2 |   DFPT_dim = |       50 |   Diago_dim = |      150 |
                       *----------*              *----------*               *----------*

     --------------------------------------------------------------------------------------------
     Sternheimer eq. solver... with threshold =   1.000000E-16
     --------------------------------------------------------------------------------------------
     in progress... |#                   | 005% :               08.8s (E)           02m-56.8s (X)
     in progress... |##                  | 010% :               14.6s (E)           02m-26.5s (X)
     in progress... |###                 | 015% :               23.5s (E)           02m-37.1s (X)
     in progress... |####                | 020% :               29.4s (E)           02m-27.3s (X)
     in progress... |#####               | 025% :               38.1s (E)           02m-32.5s (X)
     in progress... |######              | 030% :               43.8s (E)           02m-26.1s (X)
     in progress... |#######             | 035% :               52.4s (E)           02m-29.7s (X)
     in progress... |########            | 040% :               58.0s (E)           02m-25.1s (X)
     in progress... |#########           | 045% :           01m-06.6s (E)           02m-28.0s (X)
     in progress... |##########          | 050% :           01m-12.4s (E)           02m-24.8s (X)
     in progress... |###########         | 055% :           01m-20.8s (E)           02m-27.0s (X)
     in progress... |############        | 060% :           01m-26.4s (E)           02m-24.0s (X)
     in progress... |#############       | 065% :           01m-34.9s (E)           02m-26.0s (X)
     in progress... |##############      | 070% :           01m-40.5s (E)           02m-23.5s (X)
     in progress... |###############     | 075% :           01m-48.8s (E)           02m-25.0s (X)
     in progress... |################    | 080% :           01m-54.3s (E)           02m-22.9s (X)
     in progress... |#################   | 085% :           02m-02.6s (E)           02m-24.3s (X)
     in progress... |##################  | 090% :           02m-08.2s (E)           02m-22.4s (X)
     in progress... |################### | 095% :           02m-16.5s (E)           02m-23.7s (X)
     in progress... |####################| 100% :           02m-22.0s (E)           02m-22.0s (X)
     --------------------------------------------------------------------------------------------
     s-DIAGOX done in < 00.1s with LAPACK
     --------------------------------------------------------------------------------------------

       -2.02325  -0.87467  -0.67016  -0.63141  -0.53589  -0.44165  -0.39765  -0.29438  -0.29293
       -0.27495  -0.26877  -0.25909  -0.24818  -0.22517  -0.20326  -0.19279  -0.17288  -0.16659
       -0.16109  -0.14173  -0.13884  -0.13250  -0.13109  -0.13025  -0.12733  -0.09491  -0.08801
       -0.08193  -0.08109  -0.08008  -0.07190  -0.07133  -0.07033  -0.06105  -0.05993  -0.05807
       -0.05685  -0.05670  -0.05457  -0.05418  -0.05227  -0.04992  -0.04918  -0.04884  -0.04644
       -0.04517  -0.03907  -0.03847  -0.03795  -0.03782

     --------------------------------------------------------------------------------------------
     Tot. elapsed time 06m-59.6s,  time spent in last iteration 02m-25.9s
     --------------------------------------------------------------------------------------------

     [I/O] -------------------------------------------------------
     [I/O] RESTART written in < 00.1s
     [I/O] In location   : /home/paolo/water_2/water_pbe0/water_pbe0.wstat.restart
     [I/O] -------------------------------------------------------

                       *----------*              *----------*               *----------*
     #     Iteration = |        3 |   DFPT_dim = |       17 |   Diago_dim = |      167 |
                       *----------*              *----------*               *----------*

     --------------------------------------------------------------------------------------------
     Sternheimer eq. solver... with threshold =   1.000000E-16
     --------------------------------------------------------------------------------------------
     in progress... |#                   | 005% :               02.8s (E)               57.1s (X)
     in progress... |##                  | 010% :               05.6s (E)               56.2s (X)
     in progress... |###                 | 015% :               08.3s (E)               55.9s (X)
     in progress... |####                | 020% :               11.1s (E)               55.8s (X)
     in progress... |#####               | 025% :               13.9s (E)               55.7s (X)
     in progress... |#######             | 035% :               16.6s (E)               47.7s (X)
     in progress... |########            | 040% :               19.5s (E)               48.7s (X)
     in progress... |#########           | 045% :               22.2s (E)               49.4s (X)
     in progress... |##########          | 050% :               25.0s (E)               50.1s (X)
     in progress... |###########         | 055% :               27.8s (E)               50.5s (X)
     in progress... |############        | 060% :               30.6s (E)               51.0s (X)
     in progress... |##############      | 070% :               33.3s (E)               47.6s (X)
     in progress... |###############     | 075% :               36.1s (E)               48.1s (X)
     in progress... |################    | 080% :               38.8s (E)               48.5s (X)
     in progress... |#################   | 085% :               41.6s (E)               48.9s (X)
     in progress... |##################  | 090% :               44.4s (E)               49.3s (X)
     in progress... |####################| 100% :               47.1s (E)               47.1s (X)
     --------------------------------------------------------------------------------------------
     s-DIAGOX done in < 00.1s with LAPACK
     --------------------------------------------------------------------------------------------

       -2.02325  -0.87467  -0.67016  -0.63141  -0.53589  -0.44165  -0.39765  -0.29438  -0.29293
       -0.27495  -0.26877  -0.25909  -0.24818  -0.22517  -0.20326  -0.19279  -0.17288  -0.16659
       -0.16109  -0.14173  -0.13884  -0.13251  -0.13109  -0.13025  -0.12733  -0.09491  -0.08802
       -0.08193  -0.08109  -0.08008  -0.07191  -0.07134  -0.07034  -0.06105  -0.05994  -0.05808
       -0.05685  -0.05672  -0.05458  -0.05421  -0.05229  -0.04995  -0.04921  -0.04886  -0.04647
       -0.04523  -0.03911  -0.03863  -0.03801  -0.03789

     --------------------------------------------------------------------------------------------
     Tot. elapsed time 07m-49.1s,  time spent in last iteration 49.4s
     --------------------------------------------------------------------------------------------

     --------------------------------------------------------------------------------------------
     SAVE written in < 00.1s
     In location : /home/paolo/water_2/water_pbe0/water_pbe0.wstat.save
     --------------------------------------------------------------------------------------------

     --------------------------------------------------------------------------------------------
     Convergence achieved !!! in        3 steps
     --------------------------------------------------------------------------------------------
     WSTAT        :   7m47.55s CPU   7m52.33s WALL

     west_readin  :      1.30s CPU      1.79s WALL (       1 calls)
     fetch_input  :      0.02s CPU      0.01s WALL (       2 calls)
     fft          :      0.88s CPU      0.89s WALL (       9 calls)
     init_vloc    :      0.02s CPU      0.02s WALL (       2 calls)
     init_us_1    :      0.00s CPU      0.00s WALL (       2 calls)
     v_of_rho     :      0.41s CPU      0.70s WALL (       1 calls)
     v_xc         :      0.36s CPU      0.66s WALL (       1 calls)
     v_h          :      0.05s CPU      0.04s WALL (       1 calls)
     do_setup     :      0.06s CPU      0.08s WALL (       1 calls)
     init_pw_ar   :      0.06s CPU      0.08s WALL (       1 calls)
     hinit0       :      0.05s CPU      0.04s WALL (       1 calls)
     exx_grid     :      0.00s CPU      0.00s WALL (       1 calls)
     aceinit0     :      0.02s CPU      0.00s WALL (       1 calls)
     exx_div      :      0.00s CPU      0.01s WALL (       1 calls)
     chidiago     :    466.19s CPU    470.45s WALL (       1 calls)
     sqvc_init    :      0.00s CPU      0.00s WALL (       1 calls)
     randomize    :      0.28s CPU      0.28s WALL (       1 calls)
     paramgs      :      3.11s CPU      3.12s WALL (       5 calls)
     dfpt         :    457.44s CPU    458.14s WALL (       5 calls)
     init_us_2    :      0.05s CPU      0.04s WALL (       5 calls)
     fftw         :    328.30s CPU    326.58s WALL (   16568 calls)
     alphapc      :      0.62s CPU      0.65s WALL (     217 calls)
     wstat_restar :      0.06s CPU      0.41s WALL (       4 calls)
     pdep_write   :      0.06s CPU      0.45s WALL (     750 calls)
     linstern     :    406.89s CPU    407.44s WALL (     167 calls)
     stern        :    397.64s CPU    398.03s WALL (    3863 calls)
     h_psi        :    386.48s CPU    386.91s WALL (    3863 calls)
     h_psi:pot    :    355.53s CPU    355.84s WALL (    3863 calls)
     vloc_psi     :    325.19s CPU    325.24s WALL (    3863 calls)
     h_psi:calbec :     18.55s CPU     19.00s WALL (    3863 calls)
     calbec       :     34.28s CPU     34.65s WALL (    7726 calls)
     add_vuspsi   :     11.78s CPU     11.55s WALL (    3863 calls)
     vexxace      :     29.70s CPU     29.93s WALL (    3863 calls)
     matcalc      :     15.73s CPU     15.69s WALL (    3863 calls)
     alphapv      :      9.73s CPU      9.70s WALL (    3863 calls)
     build_hr     :      2.27s CPU      2.80s WALL (       4 calls)
     diagox       :      0.03s CPU      0.02s WALL (       4 calls)
     redistr_vr   :      0.00s CPU      0.00s WALL (       3 calls)
     update_vr    :      2.09s CPU      3.97s WALL (       3 calls)
     chidiago:las :      0.00s CPU      0.00s WALL (       1 calls)
     refresh_vr   :      0.75s CPU      1.06s WALL (       1 calls)
     pdep_db      :      0.00s CPU      0.05s WALL (       1 calls)

     WSTAT        :   7m47.55s CPU   7m52.33s WALL


   This run was terminated on:  12:32:48   6Dec2024            

=------------------------------------------------------------------------------=
   JOB DONE.
=------------------------------------------------------------------------------=
