
     --------------------------------------------------------------------------------------------
     I/O Summary : input_west
     --------------------------------------------------------------------------------------------
     qe_prefix : water_pbe
     west_prefix : water_pbe
     outdir : /home/paolo/water_2/water_pbe
     --------------------------------------------------------------------------------------------

     --------------------------------------------------------------------------------------------
     I/O Summary : wstat_control
     --------------------------------------------------------------------------------------------
     wstat_calculation : S
     n_pdep_eigen : 50
     n_pdep_times : 4
     n_pdep_maxiter : 100
     n_dfpt_maxiter : 250
     n_pdep_read_from_file : 0
     n_steps_write_restart : 1
     trev_pdep : 0.001
     trev_pdep_rel : 0.1
     tr2_dfpt : 1e-16
     l_kinetic_only : False
     l_minimize_exx_if_active : False
     n_exx_lowrank : 10
     l_use_ecutrho : False
     qlist : [1]
     --------------------------------------------------------------------------------------------

     --------------------------------------------------------------------------------------------
     I/O Summary : server_control
     --------------------------------------------------------------------------------------------
     document : {}
     --------------------------------------------------------------------------------------------

     Program WSTAT v. 6.1.0 git rev. v6.1.0 starts on  6Dec2024 at 11:45:15 

     This program is part of the open-source West suite
     for massively parallel calculations of excited states in materials; please cite
         "M. Govoni et al., J. Chem. Theory Comput. 11, 2680 (2015);
          URL https://west-code.org",
     in publications or presentations arising from this work.

     Based on the Quantum ESPRESSO v. 7.4

     I/O is Little Endian

     --------------------------------------------------------------------------------------------
     **MPI** Parallelization Status
     --------------------------------------------------------------------------------------------
                     1                   1             1             1             1
     --------------------------------------------------------------------------------------------
                     N         =         I      X      P      X      B      X      Z
                     ^                   ^             ^             ^             ^
                     |                   |             |             |             |
                   #rnk                  |             |             |             |
                                      #image           |             |             |
                                                     #pool           |             |
                                                                   #bgrp           |
                                                                                 #R&G
     --------------------------------------------------------------------------------------------
     #prc =            1
     --------------------------------------------------------------------------------------------

     Reading xml data from directory:

     /home/paolo/water_2/water_pbe/water_pbe.save/

     IMPORTANT: XC functional enforced from input :
     Exchange-correlation= PBE
                           (   1   4   3   4   0   0   0)
     Any further DFT definition will be discarded
     Please, verify this is what you really want


     G-vector sticks info
     --------------------
     sticks:   dense  smooth     PW     G-vecs:    dense   smooth      PW
     Sum       11449   11449   2869               922329   922329  115313

     Using Slab Decomposition


     --------------------------------------------------------------------------------------------
     System Overview
     --------------------------------------------------------------------------------------------
     gamma_only           =              T
     ecutwfc [Ry]         =      40.000000
     ecutrho [Ry]         =     160.000000
     omega [au^3]         =   2.700000E+04
     nbnd                 =             10
     nkstot               =              1
     nspin                =              1
     nelec                =       8.000000
     npol                 =              1
     lsda                 =              F
     noncolin             =              F
     lspinorb             =              F
     --------------------------------------------------------------------------------------------

     3DFFT grid
        s : ( 125, 125, 125)
        p : ( 125, 125, 125)

     Direct Lattice Cell [a.u.]
        a1 = (    30.0000000     0.0000000     0.0000000)
        a2 = (     0.0000000    30.0000000     0.0000000)
        a3 = (     0.0000000     0.0000000    30.0000000)

     Reciprocal Lattice Cell [a.u.]
        b1 = (     0.2094395     0.0000000     0.0000000)
        b2 = (     0.0000000     0.2094395     0.0000000)
        b3 = (     0.0000000     0.0000000     0.2094395)


     Brillouin Zone sampling [cryst. coord.]

        k(000001) = (     0.0000000     0.0000000     0.0000000)

     --------------------------------------------------------------------------------------------
     Parallelization for nvecx
     --------------------------------------------------------------------------------------------
     nglob                =            200
     nlevel               =              1
     Min nglob/nlevel     =            200
     Max nglob/nlevel     =            200
     --------------------------------------------------------------------------------------------

     [MEM] ----------------------------------------------------------
     [MEM] **Memory** analysis: QE
     [MEM] ----------------------------------------------------------
     [MEM] Allocated arrays           est. size (Mb)     dimensions
     [MEM] ----------------------------------------------------------
     [MEM] Kohn-Sham Wavefunctions       8.80 Mb     (  57657,   10)
     [MEM] NL pseudopotentials          10.56 Mb     (  57657,   12)
     [MEM] Each V/rho on FFT grid       29.80 Mb     (1953125)
     [MEM] Each G-vector array           3.52 Mb     ( 461165)
     [MEM] G-vector shells               0.02 Mb     (   3042)
     [MEM] ----------------------------------------------------------
     [MEM] Total estimate               52.70 Mb
     [MEM] ----------------------------------------------------------
     [MEM]
     [MEM] ----------------------------------------------------------
     [MEM] **Memory** analysis: WSTAT global
     [MEM] ----------------------------------------------------------
     [MEM] Allocated arrays           est. size (Mb)     dimensions
     [MEM] ----------------------------------------------------------
     [MEM] dvg                         175.96 Mb     (  57657,  200)
     [MEM] dng                         175.96 Mb     (  57657,  200)
     [MEM] hr_distr                      0.31 Mb     (    200,  200)
     [MEM] vr_distr                      0.31 Mb     (    200,  200)
     [MEM] ----------------------------------------------------------
     [MEM] Total estimate              352.52 Mb
     [MEM] ----------------------------------------------------------
     [MEM]
     [MEM] ----------------------------------------------------------
     [MEM] **Memory** analysis: WSTAT temporary
     [MEM] ----------------------------------------------------------
     [MEM] Allocated arrays           est. size (Mb)     dimensions
     [MEM] ----------------------------------------------------------
     [MEM] dvpsi                         3.52 Mb     (  57657,    4)
     [MEM] dpsi                          3.52 Mb     (  57657,    4)
     [MEM] Sternheimer workspace        14.08 Mb     (  57657,   16)
     [MEM] ----------------------------------------------------------
     [MEM] Total estimate               21.11 Mb
     [MEM] ----------------------------------------------------------

     Divergence =   1.628000E-01

                       *----------*              *----------*               *----------*
     #     Iteration = | starting |   DFPT_dim = |       50 |   Diago_dim = |       50 |  x 1/2
                       *----------*              *----------*               *----------*

     --------------------------------------------------------------------------------------------
     Sternheimer eq. solver... with lite-solver
     --------------------------------------------------------------------------------------------
     in progress... |#                   | 005% :               01.0s (E)               20.7s (X)
     in progress... |##                  | 010% :               01.4s (E)               14.9s (X)
     in progress... |###                 | 015% :               02.1s (E)               14.4s (X)
     in progress... |####                | 020% :               02.6s (E)               13.1s (X)
     in progress... |#####               | 025% :               03.3s (E)               13.2s (X)
     in progress... |######              | 030% :               03.7s (E)               12.5s (X)
     in progress... |#######             | 035% :               04.4s (E)               12.6s (X)
     in progress... |########            | 040% :               04.8s (E)               12.2s (X)
     in progress... |#########           | 045% :               05.5s (E)               12.3s (X)
     in progress... |##########          | 050% :               06.0s (E)               12.0s (X)
     in progress... |###########         | 055% :               06.7s (E)               12.1s (X)
     in progress... |############        | 060% :               07.1s (E)               11.9s (X)
     in progress... |#############       | 065% :               07.8s (E)               12.0s (X)
     in progress... |##############      | 070% :               08.2s (E)               11.8s (X)
     in progress... |###############     | 075% :               08.9s (E)               11.9s (X)
     in progress... |################    | 080% :               09.4s (E)               11.7s (X)
     in progress... |#################   | 085% :               10.1s (E)               11.8s (X)
     in progress... |##################  | 090% :               10.5s (E)               11.7s (X)
     in progress... |################### | 095% :               11.2s (E)               11.8s (X)
     in progress... |####################| 100% :               11.6s (E)               11.6s (X)
     --------------------------------------------------------------------------------------------

     [I/O] -------------------------------------------------------
     [I/O] RESTART written in < 00.1s
     [I/O] In location   : /home/paolo/water_2/water_pbe/water_pbe.wstat.restart
     [I/O] -------------------------------------------------------

                       *----------*              *----------*               *----------*
     #     Iteration = | starting |   DFPT_dim = |       50 |   Diago_dim = |       50 |  x 2/2
                       *----------*              *----------*               *----------*

     --------------------------------------------------------------------------------------------
     Sternheimer eq. solver... with threshold =   1.000000E-10
     --------------------------------------------------------------------------------------------
     in progress... |#                   | 005% :               06.9s (E)           02m-18.1s (X)
     in progress... |##                  | 010% :               11.5s (E)           01m-55.5s (X)
     in progress... |###                 | 015% :               18.6s (E)           02m-04.2s (X)
     in progress... |####                | 020% :               23.3s (E)           01m-56.9s (X)
     in progress... |#####               | 025% :               30.4s (E)           02m-01.7s (X)
     in progress... |######              | 030% :               34.9s (E)           01m-56.5s (X)
     in progress... |#######             | 035% :               41.9s (E)           01m-59.7s (X)
     in progress... |########            | 040% :               46.4s (E)           01m-56.1s (X)
     in progress... |#########           | 045% :               53.3s (E)           01m-58.4s (X)
     in progress... |##########          | 050% :               57.7s (E)           01m-55.4s (X)
     in progress... |###########         | 055% :           01m-04.4s (E)           01m-57.1s (X)
     in progress... |############        | 060% :           01m-08.9s (E)           01m-54.8s (X)
     in progress... |#############       | 065% :           01m-15.5s (E)           01m-56.1s (X)
     in progress... |##############      | 070% :           01m-19.9s (E)           01m-54.1s (X)
     in progress... |###############     | 075% :           01m-26.5s (E)           01m-55.3s (X)
     in progress... |################    | 080% :           01m-30.9s (E)           01m-53.7s (X)
     in progress... |#################   | 085% :           01m-37.4s (E)           01m-54.6s (X)
     in progress... |##################  | 090% :           01m-42.0s (E)           01m-53.3s (X)
     in progress... |################### | 095% :           01m-48.7s (E)           01m-54.4s (X)
     in progress... |####################| 100% :           01m-53.0s (E)           01m-53.0s (X)
     --------------------------------------------------------------------------------------------
     s-DIAGOX done in < 00.1s with LAPACK
     --------------------------------------------------------------------------------------------

       -2.08120  -1.04638  -0.73894  -0.72470  -0.59063  -0.47045  -0.46113  -0.30028  -0.29374
       -0.28124  -0.27853  -0.26604  -0.23175  -0.22831  -0.20089  -0.17559  -0.17112  -0.15953
       -0.14409  -0.14169  -0.13412  -0.12186  -0.11639  -0.11161  -0.09645  -0.07412  -0.07142
       -0.06855  -0.06282  -0.05556  -0.05413  -0.05065  -0.04954  -0.04702  -0.04296  -0.04109
       -0.04090  -0.03914  -0.03848  -0.03534  -0.03378  -0.03108  -0.03055  -0.02697  -0.02460
       -0.02441  -0.02209  -0.02115  -0.01869  -0.01660

     --------------------------------------------------------------------------------------------
     Tot. elapsed time 02m-06.4s,  time spent in last iteration 02m-06.4s
     --------------------------------------------------------------------------------------------

     [I/O] -------------------------------------------------------
     [I/O] RESTART written in < 00.1s
     [I/O] In location   : /home/paolo/water_2/water_pbe/water_pbe.wstat.restart
     [I/O] -------------------------------------------------------

                       *----------*              *----------*               *----------*
     #     Iteration = |        1 |   DFPT_dim = |       50 |   Diago_dim = |      100 |
                       *----------*              *----------*               *----------*

     --------------------------------------------------------------------------------------------
     Sternheimer eq. solver... with threshold =   1.000000E-16
     --------------------------------------------------------------------------------------------
     in progress... |#                   | 005% :               08.9s (E)           02m-58.4s (X)
     in progress... |##                  | 010% :               15.0s (E)           02m-30.6s (X)
     in progress... |###                 | 015% :               24.1s (E)           02m-40.6s (X)
     in progress... |####                | 020% :               29.9s (E)           02m-29.7s (X)
     in progress... |#####               | 025% :               38.6s (E)           02m-34.7s (X)
     in progress... |######              | 030% :               44.4s (E)           02m-28.1s (X)
     in progress... |#######             | 035% :               53.0s (E)           02m-31.6s (X)
     in progress... |########            | 040% :               58.7s (E)           02m-26.9s (X)
     in progress... |#########           | 045% :           01m-07.5s (E)           02m-30.0s (X)
     in progress... |##########          | 050% :           01m-13.3s (E)           02m-26.7s (X)
     in progress... |###########         | 055% :           01m-21.9s (E)           02m-28.9s (X)
     in progress... |############        | 060% :           01m-27.6s (E)           02m-26.0s (X)
     in progress... |#############       | 065% :           01m-36.0s (E)           02m-27.7s (X)
     in progress... |##############      | 070% :           01m-41.6s (E)           02m-25.1s (X)
     in progress... |###############     | 075% :           01m-50.0s (E)           02m-26.6s (X)
     in progress... |################    | 080% :           01m-55.5s (E)           02m-24.4s (X)
     in progress... |#################   | 085% :           02m-04.0s (E)           02m-25.9s (X)
     in progress... |##################  | 090% :           02m-09.6s (E)           02m-24.0s (X)
     in progress... |################### | 095% :           02m-18.0s (E)           02m-25.2s (X)
     in progress... |####################| 100% :           02m-23.5s (E)           02m-23.5s (X)
     --------------------------------------------------------------------------------------------
     s-DIAGOX done in < 00.1s with LAPACK
     --------------------------------------------------------------------------------------------

       -2.50793  -1.06306  -0.77589  -0.73747  -0.62301  -0.51555  -0.48781  -0.34941  -0.34071
       -0.31893  -0.30146  -0.29072  -0.28636  -0.25380  -0.22792  -0.21392  -0.19171  -0.18459
       -0.17826  -0.15529  -0.15270  -0.14651  -0.14475  -0.14403  -0.13926  -0.10419  -0.09460
       -0.08998  -0.08921  -0.08511  -0.07601  -0.07501  -0.07425  -0.06445  -0.06271  -0.06084
       -0.05966  -0.05914  -0.05763  -0.05583  -0.05465  -0.05197  -0.05067  -0.05024  -0.04713
       -0.04588  -0.04000  -0.03955  -0.03897  -0.03813

     --------------------------------------------------------------------------------------------
     Tot. elapsed time 04m-32.8s,  time spent in last iteration 02m-26.3s
     --------------------------------------------------------------------------------------------

     [I/O] -------------------------------------------------------
     [I/O] RESTART written in < 00.1s
     [I/O] In location   : /home/paolo/water_2/water_pbe/water_pbe.wstat.restart
     [I/O] -------------------------------------------------------

                       *----------*              *----------*               *----------*
     #     Iteration = |        2 |   DFPT_dim = |       50 |   Diago_dim = |      150 |
                       *----------*              *----------*               *----------*

     --------------------------------------------------------------------------------------------
     Sternheimer eq. solver... with threshold =   1.000000E-16
     --------------------------------------------------------------------------------------------
     in progress... |#                   | 005% :               08.3s (E)           02m-47.3s (X)
     in progress... |##                  | 010% :               13.9s (E)           02m-19.3s (X)
     in progress... |###                 | 015% :               22.3s (E)           02m-28.8s (X)
     in progress... |####                | 020% :               27.9s (E)           02m-19.5s (X)
     in progress... |#####               | 025% :               36.2s (E)           02m-24.9s (X)
     in progress... |######              | 030% :               41.8s (E)           02m-19.3s (X)
     in progress... |#######             | 035% :               50.1s (E)           02m-23.3s (X)
     in progress... |########            | 040% :               55.6s (E)           02m-19.2s (X)
     in progress... |#########           | 045% :           01m-03.9s (E)           02m-22.1s (X)
     in progress... |##########          | 050% :           01m-09.4s (E)           02m-18.9s (X)
     in progress... |###########         | 055% :           01m-18.0s (E)           02m-21.9s (X)
     in progress... |############        | 060% :           01m-23.7s (E)           02m-19.5s (X)
     in progress... |#############       | 065% :           01m-32.2s (E)           02m-21.8s (X)
     in progress... |##############      | 070% :           01m-37.8s (E)           02m-19.7s (X)
     in progress... |###############     | 075% :           01m-46.5s (E)           02m-22.1s (X)
     in progress... |################    | 080% :           01m-52.1s (E)           02m-20.2s (X)
     in progress... |#################   | 085% :           02m-00.3s (E)           02m-21.6s (X)
     in progress... |##################  | 090% :           02m-05.9s (E)           02m-19.9s (X)
     in progress... |################### | 095% :           02m-14.2s (E)           02m-21.2s (X)
     in progress... |####################| 100% :           02m-19.6s (E)           02m-19.6s (X)
     --------------------------------------------------------------------------------------------
     s-DIAGOX done in < 00.1s with LAPACK
     --------------------------------------------------------------------------------------------

       -2.50794  -1.06306  -0.77589  -0.73748  -0.62302  -0.51557  -0.48782  -0.34950  -0.34077
       -0.31899  -0.30152  -0.29073  -0.28644  -0.25385  -0.22810  -0.21396  -0.19177  -0.18469
       -0.17838  -0.15542  -0.15285  -0.14677  -0.14489  -0.14420  -0.13943  -0.10469  -0.09562
       -0.09042  -0.08977  -0.08590  -0.07728  -0.07646  -0.07570  -0.06548  -0.06362  -0.06172
       -0.06130  -0.05985  -0.05846  -0.05764  -0.05584  -0.05329  -0.05269  -0.05194  -0.04914
       -0.04833  -0.04179  -0.04129  -0.04091  -0.04046

     --------------------------------------------------------------------------------------------
     Tot. elapsed time 06m-56.5s,  time spent in last iteration 02m-23.5s
     --------------------------------------------------------------------------------------------

     [I/O] -------------------------------------------------------
     [I/O] RESTART written in < 00.1s
     [I/O] In location   : /home/paolo/water_2/water_pbe/water_pbe.wstat.restart
     [I/O] -------------------------------------------------------

                       *----------*              *----------*               *----------*
     #     Iteration = |        3 |   DFPT_dim = |       17 |   Diago_dim = |      167 |
                       *----------*              *----------*               *----------*

     --------------------------------------------------------------------------------------------
     Sternheimer eq. solver... with threshold =   1.000000E-16
     --------------------------------------------------------------------------------------------
     in progress... |#                   | 005% :               02.7s (E)               55.8s (X)
     in progress... |##                  | 010% :               05.4s (E)               54.1s (X)
     in progress... |###                 | 015% :               08.1s (E)               54.5s (X)
     in progress... |####                | 020% :               10.9s (E)               54.6s (X)
     in progress... |#####               | 025% :               13.6s (E)               54.6s (X)
     in progress... |#######             | 035% :               16.3s (E)               46.8s (X)
     in progress... |########            | 040% :               19.1s (E)               47.9s (X)
     in progress... |#########           | 045% :               21.8s (E)               48.5s (X)
     in progress... |##########          | 050% :               24.6s (E)               49.2s (X)
     in progress... |###########         | 055% :               27.3s (E)               49.6s (X)
     in progress... |############        | 060% :               30.0s (E)               50.0s (X)
     in progress... |##############      | 070% :               32.7s (E)               46.8s (X)
     in progress... |###############     | 075% :               35.4s (E)               47.2s (X)
     in progress... |################    | 080% :               38.1s (E)               47.6s (X)
     in progress... |#################   | 085% :               40.7s (E)               47.9s (X)
     in progress... |##################  | 090% :               43.3s (E)               48.2s (X)
     in progress... |####################| 100% :               46.1s (E)               46.1s (X)
     --------------------------------------------------------------------------------------------
     s-DIAGOX done in < 00.1s with LAPACK
     --------------------------------------------------------------------------------------------

       -2.50794  -1.06306  -0.77589  -0.73748  -0.62302  -0.51557  -0.48782  -0.34950  -0.34077
       -0.31899  -0.30152  -0.29073  -0.28644  -0.25385  -0.22810  -0.21396  -0.19177  -0.18469
       -0.17838  -0.15542  -0.15285  -0.14677  -0.14489  -0.14420  -0.13943  -0.10470  -0.09563
       -0.09042  -0.08977  -0.08590  -0.07729  -0.07647  -0.07571  -0.06549  -0.06363  -0.06173
       -0.06131  -0.05985  -0.05847  -0.05766  -0.05586  -0.05331  -0.05272  -0.05196  -0.04917
       -0.04839  -0.04183  -0.04142  -0.04097  -0.04050

     --------------------------------------------------------------------------------------------
     Tot. elapsed time 07m-45.1s,  time spent in last iteration 48.4s
     --------------------------------------------------------------------------------------------

     --------------------------------------------------------------------------------------------
     SAVE written in < 00.1s
     In location : /home/paolo/water_2/water_pbe/water_pbe.wstat.save
     --------------------------------------------------------------------------------------------

     --------------------------------------------------------------------------------------------
     Convergence achieved !!! in        3 steps
     --------------------------------------------------------------------------------------------
     WSTAT        :   7m43.20s CPU   7m48.23s WALL

     west_readin  :      1.27s CPU      1.78s WALL (       1 calls)
     fetch_input  :      0.00s CPU      0.01s WALL (       2 calls)
     fft          :      0.84s CPU      0.89s WALL (       9 calls)
     init_vloc    :      0.02s CPU      0.02s WALL (       2 calls)
     init_us_1    :      0.00s CPU      0.00s WALL (       2 calls)
     v_of_rho     :      0.39s CPU      0.70s WALL (       1 calls)
     v_xc         :      0.34s CPU      0.66s WALL (       1 calls)
     v_h          :      0.05s CPU      0.04s WALL (       1 calls)
     do_setup     :      0.05s CPU      0.06s WALL (       1 calls)
     init_pw_ar   :      0.05s CPU      0.06s WALL (       1 calls)
     hinit0       :      0.05s CPU      0.04s WALL (       1 calls)
     chidiago     :    461.89s CPU    466.38s WALL (       1 calls)
     sqvc_init    :      0.00s CPU      0.00s WALL (       1 calls)
     randomize    :      0.28s CPU      0.28s WALL (       1 calls)
     paramgs      :      3.09s CPU      3.12s WALL (       5 calls)
     dfpt         :    453.17s CPU    454.11s WALL (       5 calls)
     init_us_2    :      0.05s CPU      0.04s WALL (       5 calls)
     fftw         :    346.25s CPU    346.58s WALL (   17534 calls)
     alphapc      :      0.66s CPU      0.64s WALL (     217 calls)
     wstat_restar :      0.16s CPU      0.39s WALL (       4 calls)
     pdep_write   :      0.16s CPU      0.42s WALL (     750 calls)
     linstern     :    403.12s CPU    404.04s WALL (     167 calls)
     stern        :    393.19s CPU    394.10s WALL (    4072 calls)
     h_psi        :    381.44s CPU    382.35s WALL (    4072 calls)
     h_psi:pot    :    380.12s CPU    381.06s WALL (    4072 calls)
     vloc_psi     :    347.70s CPU    348.51s WALL (    4072 calls)
     h_psi:calbec :     19.59s CPU     20.20s WALL (    4072 calls)
     calbec       :     19.59s CPU     20.18s WALL (    4072 calls)
     add_vuspsi   :     12.81s CPU     12.30s WALL (    4072 calls)
     alphapv      :     10.25s CPU     10.20s WALL (    4072 calls)
     build_hr     :      2.28s CPU      2.79s WALL (       4 calls)
     diagox       :      0.02s CPU      0.03s WALL (       4 calls)
     redistr_vr   :      0.00s CPU      0.00s WALL (       3 calls)
     update_vr    :      2.03s CPU      3.98s WALL (       3 calls)
     chidiago:las :      0.00s CPU      0.00s WALL (       1 calls)
     refresh_vr   :      0.73s CPU      1.06s WALL (       1 calls)
     pdep_db      :      0.00s CPU      0.04s WALL (       1 calls)

     WSTAT        :   7m43.22s CPU   7m48.23s WALL


   This run was terminated on:  11:53: 3   6Dec2024            

=------------------------------------------------------------------------------=
   JOB DONE.
=------------------------------------------------------------------------------=
