
     --------------------------------------------------------------------------------------------
     I/O Summary : input_west
     --------------------------------------------------------------------------------------------
     qe_prefix : water_pbe
     west_prefix : water_pbe
     outdir : /home/paolo/water_2/water_pbe
     --------------------------------------------------------------------------------------------

     --------------------------------------------------------------------------------------------
     I/O Summary : wstat_control
     --------------------------------------------------------------------------------------------
     wstat_calculation : S
     n_pdep_eigen : 50
     n_pdep_times : 4
     n_pdep_maxiter : 100
     n_dfpt_maxiter : 250
     n_pdep_read_from_file : 0
     n_steps_write_restart : 1
     trev_pdep : 0.001
     trev_pdep_rel : 0.1
     tr2_dfpt : 1e-16
     l_kinetic_only : False
     l_minimize_exx_if_active : False
     n_exx_lowrank : 10
     l_use_ecutrho : False
     qlist : [1]
     --------------------------------------------------------------------------------------------

     --------------------------------------------------------------------------------------------
     I/O Summary : wfreq_control
     --------------------------------------------------------------------------------------------
     wfreq_calculation : XWGQP
     n_pdep_eigen_to_use : 50
     qp_bandrange : [4, 5]
     qp_bands : [[4, 5]]
     macropol_calculation : C
     n_lanczos : 30
     n_imfreq : 128
     n_refreq : 2000
     ecut_imfreq : 160.0
     ecut_refreq : 2.0
     wfreq_eta : 0.0036749308824745378
     n_secant_maxiter : 21
     trev_secant : 0.0036749308824745378
     l_enable_lanczos : True
     l_qdet_verbose : False
     l_enable_off_diagonal : False
     ecut_spectralf : [-1.5, 0.5]
     n_spectralf : 2000
     --------------------------------------------------------------------------------------------

     Program WFREQ v. 6.1.0 git rev. v6.1.0 starts on  6Dec2024 at 12: 9:52 

     This program is part of the open-source West suite
     for massively parallel calculations of excited states in materials; please cite
         "M. Govoni et al., J. Chem. Theory Comput. 11, 2680 (2015);
          URL https://west-code.org",
     in publications or presentations arising from this work.

     Based on the Quantum ESPRESSO v. 7.4

     I/O is Little Endian

     --------------------------------------------------------------------------------------------
     **MPI** Parallelization Status
     --------------------------------------------------------------------------------------------
                     1                   1             1             1             1
     --------------------------------------------------------------------------------------------
                     N         =         I      X      P      X      B      X      Z
                     ^                   ^             ^             ^             ^
                     |                   |             |             |             |
                   #rnk                  |             |             |             |
                                      #image           |             |             |
                                                     #pool           |             |
                                                                   #bgrp           |
                                                                                 #R&G
     --------------------------------------------------------------------------------------------
     #prc =            1
     --------------------------------------------------------------------------------------------

     Reading xml data from directory:

     /home/paolo/water_2/water_pbe/water_pbe.save/

     IMPORTANT: XC functional enforced from input :
     Exchange-correlation= PBE
                           (   1   4   3   4   0   0   0)
     Any further DFT definition will be discarded
     Please, verify this is what you really want


     G-vector sticks info
     --------------------
     sticks:   dense  smooth     PW     G-vecs:    dense   smooth      PW
     Sum       11449   11449   2869               922329   922329  115313

     Using Slab Decomposition


     --------------------------------------------------------------------------------------------
     System Overview
     --------------------------------------------------------------------------------------------
     gamma_only           =              T
     ecutwfc [Ry]         =      40.000000
     ecutrho [Ry]         =     160.000000
     omega [au^3]         =   2.700000E+04
     nbnd                 =             10
     nkstot               =              1
     nspin                =              1
     nelec                =       8.000000
     npol                 =              1
     lsda                 =              F
     noncolin             =              F
     lspinorb             =              F
     --------------------------------------------------------------------------------------------

     3DFFT grid
        s : ( 125, 125, 125)
        p : ( 125, 125, 125)

     Direct Lattice Cell [a.u.]
        a1 = (    30.0000000     0.0000000     0.0000000)
        a2 = (     0.0000000    30.0000000     0.0000000)
        a3 = (     0.0000000     0.0000000    30.0000000)

     Reciprocal Lattice Cell [a.u.]
        b1 = (     0.2094395     0.0000000     0.0000000)
        b2 = (     0.0000000     0.2094395     0.0000000)
        b3 = (     0.0000000     0.0000000     0.2094395)


     Brillouin Zone sampling [cryst. coord.]

        k(000001) = (     0.0000000     0.0000000     0.0000000)

     --------------------------------------------------------------------------------------------
     Parallelization for npdep
     --------------------------------------------------------------------------------------------
     nglob                =             50
     nlevel               =              1
     Min nglob/nlevel     =             50
     Max nglob/nlevel     =             50
     --------------------------------------------------------------------------------------------

     --------------------------------------------------------------------------------------------
     Parallelization for npdep+macro
     --------------------------------------------------------------------------------------------
     nglob                =             53
     nlevel               =              1
     Min nglob/nlevel     =             53
     Max nglob/nlevel     =             53
     --------------------------------------------------------------------------------------------

     --------------------------------------------------------------------------------------------
     Parallelization for n_imfreq
     --------------------------------------------------------------------------------------------
     nglob                =            128
     nlevel               =              1
     Min nglob/nlevel     =            128
     Max nglob/nlevel     =            128
     --------------------------------------------------------------------------------------------

     --------------------------------------------------------------------------------------------
     Parallelization for n_refreq
     --------------------------------------------------------------------------------------------
     nglob                =           2000
     nlevel               =              1
     Min nglob/nlevel     =           2000
     Max nglob/nlevel     =           2000
     --------------------------------------------------------------------------------------------

     --------------------------------------------------------------------------------------------
     Parallelization for nbnd
     --------------------------------------------------------------------------------------------
     nglob                =             10
     nlevel               =              1
     Min nglob/nlevel     =             10
     Max nglob/nlevel     =             10
     --------------------------------------------------------------------------------------------

     [MEM] ----------------------------------------------------------
     [MEM] **Memory** analysis: QE
     [MEM] ----------------------------------------------------------
     [MEM] Allocated arrays           est. size (Mb)     dimensions
     [MEM] ----------------------------------------------------------
     [MEM] Kohn-Sham Wavefunctions       8.80 Mb     (  57657,   10)
     [MEM] NL pseudopotentials          10.56 Mb     (  57657,   12)
     [MEM] Each V/rho on FFT grid       29.80 Mb     (1953125)
     [MEM] Each G-vector array           3.52 Mb     ( 461165)
     [MEM] G-vector shells               0.02 Mb     (   3042)
     [MEM] ----------------------------------------------------------
     [MEM] Total estimate               52.70 Mb
     [MEM] ----------------------------------------------------------
     [MEM]
     [MEM] ----------------------------------------------------------
     [MEM] **Memory** analysis: WFREQ temporary
     [MEM] ----------------------------------------------------------
     [MEM] Allocated arrays           est. size (Mb)     dimensions
     [MEM] ----------------------------------------------------------
     [MEM] dvpsi                        43.99 Mb     (  57657,   50)
     [MEM] pertg_all                    43.99 Mb     (  57657,   50)
     [MEM] Hr commutator workspace      21.11 Mb     (  57657,   24)
     [MEM] Lanczos workspace          1319.66 Mb     (  57657, 1500)
     [MEM] ----------------------------------------------------------
     [MEM] Total estimate             1428.76 Mb
     [MEM] ----------------------------------------------------------


     --------------------------------------------------------------------------------------------
     Hartree-Fock Exact E(X)change
     --------------------------------------------------------------------------------------------

     --------------------------------------------------------------------------------------------
     Vxc
     --------------------------------------------------------------------------------------------
     in progress... |####################| 100% :               00.3s (E)               00.3s (X)
     --------------------------------------------------------------------------------------------

     --------------------------------------------------------------------------------------------
     (X)-Sigma
     --------------------------------------------------------------------------------------------
     in progress... |##########          | 050% :               00.2s (E)               00.5s (X)
     in progress... |####################| 100% :               00.5s (E)               00.5s (X)
     --------------------------------------------------------------------------------------------

     --------------------------------------------------------------------------------------------
     (W)-Lanczos
     --------------------------------------------------------------------------------------------
     in progress... |#####               | 025% :           01m-13.9s (E)           04m-55.7s (X)
     in progress... |##########          | 050% :           02m-16.1s (E)           04m-32.2s (X)
     in progress... |###############     | 075% :           03m-18.0s (E)           04m-24.0s (X)
     in progress... |####################| 100% :           04m-19.7s (E)           04m-19.7s (X)
     --------------------------------------------------------------------------------------------

     --------------------------------------------------------------------------------------------
     (G)-Lanczos
     --------------------------------------------------------------------------------------------
     in progress... |##########          | 050% :               57.6s (E)           01m-55.3s (X)
     in progress... |####################| 100% :           01m-53.9s (E)           01m-53.9s (X)
     --------------------------------------------------------------------------------------------

     --------------------------------------------------------------------------------------------
     Collecting results from W and G
     --------------------------------------------------------------------------------------------
     in progress... |##########          | 050% :             < 00.1s (E)               00.1s (X)
     in progress... |####################| 100% :               00.1s (E)               00.1s (X)
     --------------------------------------------------------------------------------------------

     --------------------------------------------------------------------------------------------
     (Q)uasiparticle energies
     --------------------------------------------------------------------------------------------

     --------------------------------------------------------------------------------------------
     Sigma-C
     --------------------------------------------------------------------------------------------
     Integrating along the IM axis...
     --------------------------------------------------------------------------------------------
     in progress... |##########          | 050% :             < 00.1s (E)             < 00.1s (X)
     in progress... |####################| 100% :             < 00.1s (E)             < 00.1s (X)
     --------------------------------------------------------------------------------------------
     Residues along the RE axis...
     --------------------------------------------------------------------------------------------
     in progress... |##########          | 050% :             < 00.1s (E)             < 00.1s (X)
     in progress... |####################| 100% :             < 00.1s (E)             < 00.1s (X)
     --------------------------------------------------------------------------------------------

     --------------------------------------------------------------------------------------------
     Sigma-C
     --------------------------------------------------------------------------------------------
     Integrating along the IM axis...
     --------------------------------------------------------------------------------------------
     in progress... |##########          | 050% :             < 00.1s (E)             < 00.1s (X)
     in progress... |####################| 100% :             < 00.1s (E)             < 00.1s (X)
     --------------------------------------------------------------------------------------------
     Residues along the RE axis...
     --------------------------------------------------------------------------------------------
     in progress... |##########          | 050% :             < 00.1s (E)             < 00.1s (X)
     in progress... |####################| 100% :             < 00.1s (E)             < 00.1s (X)
     --------------------------------------------------------------------------------------------

     --------------------------------------------------------------------------------------------
     Iter: 000000
     k(000001) = (   0.0000000   0.0000000   0.0000000) cryst. coord.
     band      QP en. [eV] conv
     000004     -11.550219   no
     000005       1.019756   no
     --------------------------------------------------------------------------------------------

     --------------------------------------------------------------------------------------------
     Sigma-C
     --------------------------------------------------------------------------------------------
     Integrating along the IM axis...
     --------------------------------------------------------------------------------------------
     in progress... |##########          | 050% :             < 00.1s (E)             < 00.1s (X)
     in progress... |####################| 100% :             < 00.1s (E)             < 00.1s (X)
     --------------------------------------------------------------------------------------------
     Residues along the RE axis...
     --------------------------------------------------------------------------------------------
     in progress... |##########          | 050% :             < 00.1s (E)             < 00.1s (X)
     in progress... |####################| 100% :             < 00.1s (E)             < 00.1s (X)
     --------------------------------------------------------------------------------------------

     --------------------------------------------------------------------------------------------
     Iter: 000001
     k(000001) = (   0.0000000   0.0000000   0.0000000) cryst. coord.
     band      QP en. [eV] conv
     000004     -11.358680   no
     000005       1.128723   no
     --------------------------------------------------------------------------------------------

     --------------------------------------------------------------------------------------------
     Sigma-C
     --------------------------------------------------------------------------------------------
     Integrating along the IM axis...
     --------------------------------------------------------------------------------------------
     in progress... |##########          | 050% :             < 00.1s (E)             < 00.1s (X)
     in progress... |####################| 100% :             < 00.1s (E)             < 00.1s (X)
     --------------------------------------------------------------------------------------------
     Residues along the RE axis...
     --------------------------------------------------------------------------------------------
     in progress... |##########          | 050% :             < 00.1s (E)             < 00.1s (X)
     in progress... |####################| 100% :             < 00.1s (E)             < 00.1s (X)
     --------------------------------------------------------------------------------------------

     --------------------------------------------------------------------------------------------
     CONVERGENCE ACHIEVED !!!
     --------------------------------------------------------------------------------------------

     --------------------------------------------------------------------------------------------
     k(000001) = (   0.0000000   0.0000000   0.0000000) cryst. coord.
     band      QP en. [eV] conv
     000004     -11.370611  yes
     000005       1.133888  yes
     --------------------------------------------------------------------------------------------

     --------------------------------------------------------------------------------------------
     (P)lotting the QP corrections...
     --------------------------------------------------------------------------------------------
     in progress... |#                   | 005% :               00.4s (E)               09.7s (X)
     in progress... |##                  | 010% :               00.9s (E)               09.7s (X)
     in progress... |###                 | 015% :               01.4s (E)               09.7s (X)
     in progress... |####                | 020% :               01.9s (E)               09.7s (X)
     in progress... |#####               | 025% :               02.4s (E)               09.7s (X)
     in progress... |######              | 030% :               02.9s (E)               09.7s (X)
     in progress... |#######             | 035% :               03.4s (E)               09.7s (X)
     in progress... |########            | 040% :               03.8s (E)               09.7s (X)
     in progress... |#########           | 045% :               04.3s (E)               09.7s (X)
     in progress... |##########          | 050% :               04.8s (E)               09.7s (X)
     in progress... |###########         | 055% :               05.3s (E)               09.7s (X)
     in progress... |############        | 060% :               05.8s (E)               09.7s (X)
     in progress... |#############       | 065% :               06.3s (E)               09.7s (X)
     in progress... |##############      | 070% :               06.7s (E)               09.7s (X)
     in progress... |###############     | 075% :               07.2s (E)               09.7s (X)
     in progress... |################    | 080% :               07.7s (E)               09.7s (X)
     in progress... |#################   | 085% :               08.2s (E)               09.7s (X)
     in progress... |##################  | 090% :               08.7s (E)               09.7s (X)
     in progress... |################### | 095% :               09.2s (E)               09.7s (X)
     in progress... |####################| 100% :               09.7s (E)               09.7s (X)
     --------------------------------------------------------------------------------------------

     --------------------------------------------------------------------------------------------
     SAVE written in < 00.1s
     In location : /home/paolo/water_2/water_pbe/water_pbe.wfreq.save
     --------------------------------------------------------------------------------------------
     WFREQ        :   6m24.09s CPU   6m28.11s WALL

     west_readin  :      1.22s CPU      1.80s WALL (       1 calls)
     fetch_input  :      0.00s CPU      0.02s WALL (       2 calls)
     fft          :      1.00s CPU      1.04s WALL (      14 calls)
     init_vloc    :      0.02s CPU      0.02s WALL (       2 calls)
     init_us_1    :      0.00s CPU      0.00s WALL (       2 calls)
     v_of_rho     :      0.38s CPU      0.70s WALL (       1 calls)
     v_xc         :      0.75s CPU      1.13s WALL (       2 calls)
     v_h          :      0.03s CPU      0.04s WALL (       1 calls)
     do_setup     :      0.05s CPU      0.06s WALL (       1 calls)
     init_pw_ar   :      0.05s CPU      0.06s WALL (       1 calls)
     hinit0       :      0.05s CPU      0.04s WALL (       1 calls)
     solve_hf     :      1.33s CPU      1.40s WALL (       1 calls)
     sigmavxc     :      0.38s CPU      0.39s WALL (       1 calls)
     fftw         :    207.39s CPU    207.49s WALL (   10446 calls)
     sigmax       :      0.55s CPU      0.54s WALL (       1 calls)
     sqvc_init    :      0.03s CPU      0.04s WALL (       4 calls)
     ffts         :      0.23s CPU      0.24s WALL (       8 calls)
     write_hf     :      0.00s CPU      0.00s WALL (       1 calls)
     wlanczos     :    257.97s CPU    260.02s WALL (       1 calls)
     pdep_read    :      0.02s CPU      0.03s WALL (     100 calls)
     init_us_2    :      0.02s CPU      0.02s WALL (       2 calls)
     linHx        :      9.58s CPU      9.59s WALL (       4 calls)
     commut_Hx_ps :      0.44s CPU      0.44s WALL (      12 calls)
     calbec       :     12.78s CPU     12.89s WALL (     293 calls)
     alphapc      :     17.23s CPU     17.36s WALL (     194 calls)
     linstern     :      9.12s CPU      9.13s WALL (       4 calls)
     stern        :      8.89s CPU      8.96s WALL (      89 calls)
     h_psi        :    244.89s CPU    245.24s WALL (     269 calls)
     h_psi:pot    :    243.98s CPU    244.22s WALL (     269 calls)
     vloc_psi     :    223.14s CPU    223.38s WALL (     269 calls)
     h_psi:calbec :     12.73s CPU     12.86s WALL (     269 calls)
     add_vuspsi   :      8.11s CPU      7.98s WALL (     269 calls)
     alphapv      :      0.17s CPU      0.18s WALL (      89 calls)
     lan_H        :    286.95s CPU    289.30s WALL (       6 calls)
     brak         :     54.09s CPU     54.35s WALL (       6 calls)
     write_w      :      0.03s CPU      0.15s WALL (       1 calls)
     chi_invert   :      0.84s CPU      0.92s WALL (       1 calls)
     glanczos     :    112.77s CPU    113.99s WALL (       1 calls)
     write_over   :      0.00s CPU      0.00s WALL (       2 calls)
     write_g      :      0.00s CPU      0.00s WALL (       1 calls)
     solve_qp     :      9.89s CPU      9.89s WALL (       1 calls)
     coll_gw      :      0.11s CPU      0.10s WALL (       1 calls)
     read_over    :      0.00s CPU      0.00s WALL (       2 calls)
     read_hf      :      0.00s CPU      0.00s WALL (       1 calls)
     sigmac_i     :      0.02s CPU      0.01s WALL (       4 calls)
     sigmac_r     :      0.00s CPU      0.00s WALL (       4 calls)
     qplot        :      9.72s CPU      9.72s WALL (       1 calls)
     wfreq_db     :      0.03s CPU      0.02s WALL (       1 calls)

     WFREQ        :   6m24.11s CPU   6m28.13s WALL


   This run was terminated on:  12:16:20   6Dec2024            

=------------------------------------------------------------------------------=
   JOB DONE.
=------------------------------------------------------------------------------=
