
     --------------------------------------------------------------------------------------------
     I/O Summary : input_west
     --------------------------------------------------------------------------------------------
     qe_prefix : water_pbe
     west_prefix : water_pbe
     outdir : /home/paolo/water_2/water_pbe
     --------------------------------------------------------------------------------------------

     --------------------------------------------------------------------------------------------
     I/O Summary : wstat_control
     --------------------------------------------------------------------------------------------
     wstat_calculation : S
     n_pdep_eigen : 50
     n_pdep_times : 4
     n_pdep_maxiter : 100
     n_dfpt_maxiter : 250
     n_pdep_read_from_file : 0
     n_steps_write_restart : 1
     trev_pdep : 0.001
     trev_pdep_rel : 0.1
     tr2_dfpt : 1e-16
     l_kinetic_only : False
     l_minimize_exx_if_active : False
     n_exx_lowrank : 10
     l_use_ecutrho : False
     qlist : [1]
     --------------------------------------------------------------------------------------------

     --------------------------------------------------------------------------------------------
     I/O Summary : server_control
     --------------------------------------------------------------------------------------------
     document : {}
     --------------------------------------------------------------------------------------------

     Program WSTAT v. 6.1.0 git rev. v6.1.0 starts on  6Dec2024 at 11:45:15 

     This program is part of the open-source West suite
     for massively parallel calculations of excited states in materials; please cite
         "M. Govoni et al., J. Chem. Theory Comput. 11, 2680 (2015);
          URL https://west-code.org",
     in publications or presentations arising from this work.

     Based on the Quantum ESPRESSO v. 7.4

     I/O is Little Endian

     --------------------------------------------------------------------------------------------
     **MPI** Parallelization Status
     --------------------------------------------------------------------------------------------
                     1                   1             1             1             1
     --------------------------------------------------------------------------------------------
                     N         =         I      X      P      X      B      X      Z
                     ^                   ^             ^             ^             ^
                     |                   |             |             |             |
                   #rnk                  |             |             |             |
                                      #image           |             |             |
                                                     #pool           |             |
                                                                   #bgrp           |
                                                                                 #R&G
     --------------------------------------------------------------------------------------------
     #prc =            1
     --------------------------------------------------------------------------------------------

     Reading xml data from directory:

     /home/paolo/water_2/water_pbe/water_pbe.save/

     IMPORTANT: XC functional enforced from input :
     Exchange-correlation= PBE
                           (   1   4   3   4   0   0   0)
     Any further DFT definition will be discarded
     Please, verify this is what you really want


     G-vector sticks info
     --------------------
     sticks:   dense  smooth     PW     G-vecs:    dense   smooth      PW
     Sum       11449   11449   2869               922329   922329  115313

     Using Slab Decomposition


     --------------------------------------------------------------------------------------------
     System Overview
     --------------------------------------------------------------------------------------------
     gamma_only           =              T
     ecutwfc [Ry]         =      40.000000
     ecutrho [Ry]         =     160.000000
     omega [au^3]         =   2.700000E+04
     nbnd                 =             10
     nkstot               =              1
     nspin                =              1
     nelec                =       8.000000
     npol                 =              1
     lsda                 =              F
     noncolin             =              F
     lspinorb             =              F
     --------------------------------------------------------------------------------------------

     3DFFT grid
        s : ( 125, 125, 125)
        p : ( 125, 125, 125)

     Direct Lattice Cell [a.u.]
        a1 = (    30.0000000     0.0000000     0.0000000)
        a2 = (     0.0000000    30.0000000     0.0000000)
        a3 = (     0.0000000     0.0000000    30.0000000)

     Reciprocal Lattice Cell [a.u.]
        b1 = (     0.2094395     0.0000000     0.0000000)
        b2 = (     0.0000000     0.2094395     0.0000000)
        b3 = (     0.0000000     0.0000000     0.2094395)


     Brillouin Zone sampling [cryst. coord.]

        k(000001) = (     0.0000000     0.0000000     0.0000000)

     --------------------------------------------------------------------------------------------
     Parallelization for nvecx
     --------------------------------------------------------------------------------------------
     nglob                =            200
     nlevel               =              1
     Min nglob/nlevel     =            200
     Max nglob/nlevel     =            200
     --------------------------------------------------------------------------------------------

     [MEM] ----------------------------------------------------------
     [MEM] **Memory** analysis: QE
     [MEM] ----------------------------------------------------------
     [MEM] Allocated arrays           est. size (Mb)     dimensions
     [MEM] ----------------------------------------------------------
     [MEM] Kohn-Sham Wavefunctions       8.80 Mb     (  57657,   10)
     [MEM] NL pseudopotentials          10.56 Mb     (  57657,   12)
     [MEM] Each V/rho on FFT grid       29.80 Mb     (1953125)
     [MEM] Each G-vector array           3.52 Mb     ( 461165)
     [MEM] G-vector shells               0.02 Mb     (   3042)
     [MEM] ----------------------------------------------------------
     [MEM] Total estimate               52.70 Mb
     [MEM] ----------------------------------------------------------
     [MEM]
     [MEM] ----------------------------------------------------------
     [MEM] **Memory** analysis: WSTAT global
     [MEM] ----------------------------------------------------------
     [MEM] Allocated arrays           est. size (Mb)     dimensions
     [MEM] ----------------------------------------------------------
     [MEM] dvg                         175.96 Mb     (  57657,  200)
     [MEM] dng                         175.96 Mb     (  57657,  200)
     [MEM] hr_distr                      0.31 Mb     (    200,  200)
     [MEM] vr_distr                      0.31 Mb     (    200,  200)
     [MEM] ----------------------------------------------------------
     [MEM] Total estimate              352.52 Mb
     [MEM] ----------------------------------------------------------
     [MEM]
     [MEM] ----------------------------------------------------------
     [MEM] **Memory** analysis: WSTAT temporary
     [MEM] ----------------------------------------------------------
     [MEM] Allocated arrays           est. size (Mb)     dimensions
     [MEM] ----------------------------------------------------------
     [MEM] dvpsi                         3.52 Mb     (  57657,    4)
     [MEM] dpsi                          3.52 Mb     (  57657,    4)
     [MEM] Sternheimer workspace        14.08 Mb     (  57657,   16)
     [MEM] ----------------------------------------------------------
     [MEM] Total estimate               21.11 Mb
     [MEM] ----------------------------------------------------------

     Divergence =   1.628000E-01

                       *----------*              *----------*               *----------*
     #     Iteration = | starting |   DFPT_dim = |       50 |   Diago_dim = |       50 |  x 1/2
                       *----------*              *----------*               *----------*

     --------------------------------------------------------------------------------------------
     Sternheimer eq. solver... with lite-solver
     --------------------------------------------------------------------------------------------
     in progress... |#                   | 005% :               01.0s (E)               20.7s (X)
     in progress... |##                  | 010% :               01.4s (E)               14.9s (X)
     in progress... |###                 | 015% :               02.1s (E)               14.4s (X)
     in progress... |####                | 020% :               02.6s (E)               13.1s (X)
     in progress... |#####               | 025% :               03.3s (E)               13.2s (X)
     in progress... |######              | 030% :               03.7s (E)               12.5s (X)
     in progress... |#######             | 035% :               04.4s (E)               12.6s (X)
     in progress... |########            | 040% :               04.8s (E)               12.2s (X)
     in progress... |#########           | 045% :               05.5s (E)               12.3s (X)
     in progress... |##########          | 050% :               06.0s (E)               12.0s (X)
     in progress... |###########         | 055% :               06.7s (E)               12.1s (X)
     in progress... |############        | 060% :               07.1s (E)               11.9s (X)
     in progress... |#############       | 065% :               07.8s (E)               12.0s (X)
     in progress... |##############      | 070% :               08.2s (E)               11.8s (X)
     in progress... |###############     | 075% :               08.9s (E)               11.9s (X)
     in progress... |################    | 080% :               09.4s (E)               11.7s (X)
     in progress... |#################   | 085% :               10.1s (E)               11.8s (X)
     in progress... |##################  | 090% :               10.5s (E)               11.7s (X)
     in progress... |################### | 095% :               11.2s (E)               11.8s (X)
     in progress... |####################| 100% :               11.6s (E)               11.6s (X)
     --------------------------------------------------------------------------------------------

     [I/O] -------------------------------------------------------
     [I/O] RESTART written in < 00.1s
     [I/O] In location   : /home/paolo/water_2/water_pbe/water_pbe.wstat.restart
     [I/O] -------------------------------------------------------

                       *----------*              *----------*               *----------*
     #     Iteration = | starting |   DFPT_dim = |       50 |   Diago_dim = |       50 |  x 2/2
                       *----------*              *----------*               *----------*

     --------------------------------------------------------------------------------------------
     Sternheimer eq. solver... with threshold =   1.000000E-10
     --------------------------------------------------------------------------------------------
     in progress... |#                   | 005% :               06.9s (E)           02m-18.1s (X)
     in progress... |##                  | 010% :               11.5s (E)           01m-55.5s (X)
     in progress... |###                 | 015% :               18.6s (E)           02m-04.2s (X)
     in progress... |####                | 020% :               23.3s (E)           01m-56.9s (X)
     in progress... |#####               | 025% :               30.4s (E)           02m-01.7s (X)
     in progress... |######              | 030% :               34.9s (E)           01m-56.5s (X)
     in progress... |#######             | 035% :               41.9s (E)           01m-59.7s (X)
     in progress... |########            | 040% :               46.4s (E)           01m-56.1s (X)
     in progress... |#########           | 045% :               53.3s (E)           01m-58.4s (X)
     in progress... |##########          | 050% :               57.7s (E)           01m-55.4s (X)
     in progress... |###########         | 055% :           01m-04.4s (E)           01m-57.1s (X)
     in progress... |############        | 060% :           01m-08.9s (E)           01m-54.8s (X)
     in progress... |#############       | 065% :           01m-15.5s (E)           01m-56.1s (X)
     in progress... |##############      | 070% :           01m-19.9s (E)           01m-54.1s (X)
     in progress... |###############     | 075% :           01m-26.5s (E)           01m-55.3s (X)
     in progress... |################    | 080% :           01m-30.9s (E)           01m-53.7s (X)
     in progress... |#################   | 085% :           01m-37.4s (E)           01m-54.6s (X)
     in progress... |##################  | 090% :           01m-42.0s (E)           01m-53.3s (X)
     in progress... |################### | 095% :           01m-48.7s (E)           01m-54.4s (X)
     in progress... |####################| 100% :           01m-53.0s (E)           01m-53.0s (X)
     --------------------------------------------------------------------------------------------
     s-DIAGOX done in < 00.1s with LAPACK
     --------------------------------------------------------------------------------------------

       -2.08120  -1.04638  -0.73894  -0.72470  -0.59063  -0.47045  -0.46113  -0.30028  -0.29374
       -0.28124  -0.27853  -0.26604  -0.23175  -0.22831  -0.20089  -0.17559  -0.17112  -0.15953
